#
# There is insufficient memory for the Java Runtime Environment to continue.
# Native memory allocation (malloc) failed to allocate 1189296 bytes for Chunk::new
# Possible reasons:
#   The system is out of physical RAM or swap space
#   In 32 bit mode, the process size limit was hit
# Possible solutions:
#   Reduce memory load on the system
#   Increase physical memory or swap space
#   Check if swap backing store is full
#   Use 64 bit Java on a 64 bit OS
#   Decrease Java heap size (-Xmx/-Xms)
#   Decrease number of Java threads
#   Decrease Java thread stack sizes (-Xss)
#   Set larger code cache with -XX:ReservedCodeCacheSize=
# This output file may be truncated or incomplete.
#
#  Out of Memory Error (allocation.cpp:390), pid=10344, tid=0x0000000000000d78
#
# JRE version: OpenJDK Runtime Environment (8.0_152-b06) (build 1.8.0_152-release-1136-b06)
# Java VM: OpenJDK 64-Bit Server VM (25.152-b06 mixed mode windows-amd64 compressed oops)
# Failed to write core dump. Minidumps are not enabled by default on client versions of Windows
#

---------------  T H R E A D  ---------------

Current thread (0x00000000168e3000):  JavaThread "C2 CompilerThread1" daemon [_thread_in_native, id=3448, stack(0x0000000018020000,0x0000000018120000)]

Stack: [0x0000000018020000,0x0000000018120000]
[error occurred during error reporting (printing stack bounds), id 0xc0000005]

Native frames: (J=compiled Java code, j=interpreted, Vv=VM code, C=native code)


Current CompileTask:
C2:  48184 9979       4       com.android.tools.r8.ir.conversion.JarSourceCode::traceInstruction (266 bytes)


---------------  P R O C E S S  ---------------

Java Threads: ( => current thread )
  0x0000000019d87000 JavaThread "ForkJoinPool.commonPool-worker-3" daemon [_thread_in_Java, id=7368, stack(0x0000000024930000,0x0000000024a30000)]
  0x0000000019d86000 JavaThread "ForkJoinPool.commonPool-worker-2" daemon [_thread_blocked, id=7632, stack(0x0000000024830000,0x0000000024930000)]
  0x0000000019d88800 JavaThread "ForkJoinPool.commonPool-worker-1" daemon [_thread_in_vm, id=5348, stack(0x0000000024730000,0x0000000024830000)]
  0x0000000019d89000 JavaThread "RMI TCP Connection(1)-127.0.0.1" daemon [_thread_in_native, id=7452, stack(0x0000000024630000,0x0000000024730000)]
  0x0000000019d85800 JavaThread "RMI Reaper" [_thread_blocked, id=7008, stack(0x0000000024530000,0x0000000024630000)]
  0x0000000019d7f800 JavaThread "RMI TCP Accept-0" daemon [_thread_in_native, id=9100, stack(0x0000000024430000,0x0000000024530000)]
  0x0000000019d84800 JavaThread "GC Daemon" daemon [_thread_blocked, id=3868, stack(0x0000000024130000,0x0000000024230000)]
  0x0000000019d83000 JavaThread "RMI Scheduler(0)" daemon [_thread_blocked, id=10348, stack(0x0000000023f30000,0x0000000024030000)]
  0x0000000019d7d000 JavaThread "Task worker for ':' Thread 3" [_thread_in_native, id=380, stack(0x0000000023630000,0x0000000023730000)]
  0x0000000019d82800 JavaThread "Task worker for ':' Thread 2" [_thread_blocked, id=9912, stack(0x0000000023530000,0x0000000023630000)]
  0x0000000019d7b000 JavaThread "Task worker for ':'" [_thread_blocked, id=3728, stack(0x0000000023430000,0x0000000023530000)]
  0x0000000019d81800 JavaThread "Cache worker for Build Output Cleanup Cache (D:\New folder (2)\DCHAT\EchoApp\.gradle\buildOutputCleanup)" [_thread_blocked, id=11672, stack(0x0000000023330000,0x0000000023430000)]
  0x0000000019d7c800 JavaThread "Cache worker for task history cache (D:\New folder (2)\DCHAT\EchoApp\.gradle\4.6\taskHistory)" [_thread_blocked, id=5344, stack(0x0000000022f90000,0x0000000023090000)]
  0x0000000019d7b800 JavaThread "Cache worker for file content cache (D:\New folder (2)\DCHAT\EchoApp\.gradle\4.6\fileContent)" [_thread_blocked, id=7804, stack(0x0000000022840000,0x0000000022940000)]
  0x000000001cc68800 JavaThread "Memory manager" [_thread_blocked, id=8444, stack(0x0000000021f40000,0x0000000022040000)]
  0x000000001cc68000 JavaThread "pool-1-thread-1" [_thread_blocked, id=10824, stack(0x0000000021c40000,0x0000000021d40000)]
  0x000000001cc6c800 JavaThread "Build operations Thread 4" [_thread_blocked, id=7292, stack(0x0000000021740000,0x0000000021840000)]
  0x000000001cc6b800 JavaThread "Build operations Thread 3" [_thread_blocked, id=2224, stack(0x0000000021640000,0x0000000021740000)]
  0x000000001cc6d000 JavaThread "Build operations Thread 2" [_thread_blocked, id=2732, stack(0x0000000021540000,0x0000000021640000)]
  0x000000001cc6b000 JavaThread "Build operations" [_thread_blocked, id=11132, stack(0x0000000021340000,0x0000000021440000)]
  0x000000001cc69800 JavaThread "Cache worker for Artifact transforms cache (C:\Users\admin\.gradle\caches\transforms-1)" [_thread_blocked, id=1748, stack(0x000000001ece0000,0x000000001ede0000)]
  0x0000000019ea4000 JavaThread "Cache worker for file hash cache (D:\New folder (2)\DCHAT\EchoApp\.gradle\4.6\fileHashes)" [_thread_blocked, id=8096, stack(0x000000001c440000,0x000000001c540000)]
  0x0000000019c21000 JavaThread "File lock request listener" [_thread_in_native, id=900, stack(0x000000001b370000,0x000000001b470000)]
  0x0000000019bc8000 JavaThread "Cache worker for file hash cache (C:\Users\admin\.gradle\caches\4.6\fileHashes)" [_thread_blocked, id=1704, stack(0x000000001b270000,0x000000001b370000)]
  0x0000000019610800 JavaThread "Stdin handler" [_thread_blocked, id=6176, stack(0x000000001af70000,0x000000001b070000)]
  0x000000001960f800 JavaThread "Asynchronous log dispatcher for DefaultDaemonConnection: socket connection from /127.0.0.1:54865 to /127.0.0.1:54866" [_thread_blocked, id=5824, stack(0x000000001ae70000,0x000000001af70000)]
  0x000000001984d000 JavaThread "Daemon worker" [_thread_blocked, id=7268, stack(0x000000001ad70000,0x000000001ae70000)]
  0x000000001961e000 JavaThread "Cancel handler" [_thread_blocked, id=5992, stack(0x000000001ac70000,0x000000001ad70000)]
  0x0000000019684000 JavaThread "Handler for socket connection from /127.0.0.1:54865 to /127.0.0.1:54866" [_thread_in_native, id=12052, stack(0x000000001a970000,0x000000001aa70000)]
  0x0000000019683000 JavaThread "Daemon" [_thread_blocked, id=5980, stack(0x000000001a870000,0x000000001a970000)]
  0x0000000019666000 JavaThread "Daemon periodic checks" [_thread_blocked, id=12096, stack(0x000000001a770000,0x000000001a870000)]
  0x00000000198d9000 JavaThread "Incoming local TCP Connector on port 54865" [_thread_in_native, id=10656, stack(0x000000001a530000,0x000000001a630000)]
  0x0000000018248800 JavaThread "Service Thread" daemon [_thread_blocked, id=10444, stack(0x0000000018620000,0x0000000018720000)]
  0x00000000168e7000 JavaThread "C1 CompilerThread2" daemon [_thread_in_native, id=9508, stack(0x0000000018120000,0x0000000018220000)]
=>0x00000000168e3000 JavaThread "C2 CompilerThread1" daemon [_thread_in_native, id=3448, stack(0x0000000018020000,0x0000000018120000)]
  0x00000000168dd000 JavaThread "C2 CompilerThread0" daemon [_thread_in_native, id=3460, stack(0x0000000017f20000,0x0000000018020000)]
  0x00000000168dc000 JavaThread "Attach Listener" daemon [_thread_blocked, id=11024, stack(0x0000000017e20000,0x0000000017f20000)]
  0x00000000168db000 JavaThread "Signal Dispatcher" daemon [_thread_blocked, id=6572, stack(0x0000000017d20000,0x0000000017e20000)]
  0x0000000002f68800 JavaThread "Finalizer" daemon [_thread_blocked, id=4896, stack(0x0000000017b30000,0x0000000017c30000)]
  0x0000000002f63800 JavaThread "Reference Handler" daemon [_thread_blocked, id=6844, stack(0x0000000017a30000,0x0000000017b30000)]
  0x0000000002e6e800 JavaThread "main" [_thread_blocked, id=8452, stack(0x0000000002cf0000,0x0000000002df0000)]

Other Threads:
  0x00000000168a5800 VMThread [stack: 0x0000000017930000,0x0000000017a30000] [id=10856]
  0x00000000168fa800 WatcherThread [stack: 0x0000000018720000,0x0000000018820000] [id=1484]

VM state:not at safepoint (normal execution)

VM Mutex/Monitor currently owned by a thread: None

Heap:
 PSYoungGen      total 190464K, used 47315K [0x00000000e0000000, 0x00000000ede80000, 0x0000000100000000)
  eden space 171520K, 24% used [0x00000000e0000000,0x00000000e29976f8,0x00000000ea780000)
  from space 18944K, 24% used [0x00000000ea780000,0x00000000eac1d768,0x00000000eba00000)
  to   space 18432K, 0% used [0x00000000ecc80000,0x00000000ecc80000,0x00000000ede80000)
 ParOldGen       total 89088K, used 44809K [0x00000000a0000000, 0x00000000a5700000, 0x00000000e0000000)
  object space 89088K, 50% used [0x00000000a0000000,0x00000000a2bc27c0,0x00000000a5700000)
 Metaspace       used 72636K, capacity 75076K, committed 75392K, reserved 1114112K
  class space    used 9700K, capacity 10262K, committed 10368K, reserved 1048576K

Card table byte_map: [0x0000000012330000,0x0000000012640000] byte_map_base: 0x0000000011e30000

Marking Bits: (ParMarkBitMap*) 0x000000006bd45aa0
 Begin Bits: [0x0000000012c40000, 0x0000000014440000)
 End Bits:   [0x0000000014440000, 0x0000000015c40000)

Polling page: 0x00000000014a0000

CodeCache: size=245760Kb used=28901Kb max_used=28901Kb free=216858Kb
 bounds [0x0000000002f70000, 0x0000000004bd0000, 0x0000000011f70000]
 total_blobs=10245 nmethods=9414 adapters=741
 compilation: enabled

Compilation events (10 events):
Event: 48.159 Thread 0x00000000168e7000 10487       2       com.android.tools.r8.graph.DexProgramClass$$Lambda$476/244810740::test (8 bytes)
Event: 48.159 Thread 0x00000000168e7000 nmethod 10487 0x0000000004bbb650 code [0x0000000004bbb7a0, 0x0000000004bbb970]
Event: 48.159 Thread 0x00000000168e7000 10488       1       com.android.tools.r8.it.unimi.dsi.fastutil.objects.Object2ObjectLinkedOpenCustomHashMap$MapEntry::getValue (13 bytes)
Event: 48.160 Thread 0x00000000168e7000 nmethod 10488 0x0000000004bbbad0 code [0x0000000004bbbc20, 0x0000000004bbbd50]
Event: 48.160 Thread 0x00000000168e7000 10489       2       com.android.tools.r8.graph.DexProgramClass::hasOnlyInternalizableAnnotations (50 bytes)
Event: 48.163 Thread 0x00000000168e7000 nmethod 10489 0x0000000004bbbe50 code [0x0000000004bbc160, 0x0000000004bbd298]
Event: 48.163 Thread 0x00000000168e7000 10490       2       com.android.tools.r8.ir.conversion.JarSourceCode::build (163 bytes)
Event: 48.165 Thread 0x00000000168e7000 nmethod 10490 0x0000000004bbead0 code [0x0000000004bbed20, 0x0000000004bbf498]
Event: 48.165 Thread 0x00000000168e7000 10491       1       com.android.tools.r8.ir.code.Switch::isSwitch (2 bytes)
Event: 48.165 Thread 0x00000000168e7000 nmethod 10491 0x0000000004bbfd10 code [0x0000000004bbfe60, 0x0000000004bbff70]

GC Heap History (10 events):
Event: 34.463 GC heap before
{Heap before GC invocations=16 (full 2):
 PSYoungGen      total 116736K, used 116705K [0x00000000e0000000, 0x00000000ea280000, 0x0000000100000000)
  eden space 106496K, 100% used [0x00000000e0000000,0x00000000e6800000,0x00000000e6800000)
  from space 10240K, 99% used [0x00000000e6800000,0x00000000e71f8610,0x00000000e7200000)
  to   space 13824K, 0% used [0x00000000e9500000,0x00000000e9500000,0x00000000ea280000)
 ParOldGen       total 54784K, used 23014K [0x00000000a0000000, 0x00000000a3580000, 0x00000000e0000000)
  object space 54784K, 42% used [0x00000000a0000000,0x00000000a1679b90,0x00000000a3580000)
 Metaspace       used 56095K, capacity 57696K, committed 57984K, reserved 1099776K
  class space    used 7620K, capacity 8015K, committed 8064K, reserved 1048576K
Event: 34.495 GC heap after
Heap after GC invocations=16 (full 2):
 PSYoungGen      total 151040K, used 12073K [0x00000000e0000000, 0x00000000ea400000, 0x0000000100000000)
  eden space 137216K, 0% used [0x00000000e0000000,0x00000000e0000000,0x00000000e8600000)
  from space 13824K, 87% used [0x00000000e9500000,0x00000000ea0ca4c8,0x00000000ea280000)
  to   space 15360K, 0% used [0x00000000e8600000,0x00000000e8600000,0x00000000e9500000)
 ParOldGen       total 54784K, used 28930K [0x00000000a0000000, 0x00000000a3580000, 0x00000000e0000000)
  object space 54784K, 52% used [0x00000000a0000000,0x00000000a1c40ba8,0x00000000a3580000)
 Metaspace       used 56095K, capacity 57696K, committed 57984K, reserved 1099776K
  class space    used 7620K, capacity 8015K, committed 8064K, reserved 1048576K
}
Event: 36.712 GC heap before
{Heap before GC invocations=17 (full 2):
 PSYoungGen      total 151040K, used 61329K [0x00000000e0000000, 0x00000000ea400000, 0x0000000100000000)
  eden space 137216K, 35% used [0x00000000e0000000,0x00000000e301a318,0x00000000e8600000)
  from space 13824K, 87% used [0x00000000e9500000,0x00000000ea0ca4c8,0x00000000ea280000)
  to   space 15360K, 0% used [0x00000000e8600000,0x00000000e8600000,0x00000000e9500000)
 ParOldGen       total 54784K, used 28930K [0x00000000a0000000, 0x00000000a3580000, 0x00000000e0000000)
  object space 54784K, 52% used [0x00000000a0000000,0x00000000a1c40ba8,0x00000000a3580000)
 Metaspace       used 57302K, capacity 58902K, committed 59028K, reserved 1099776K
  class space    used 7789K, capacity 8192K, committed 8192K, reserved 1048576K
Event: 36.733 GC heap after
Heap after GC invocations=17 (full 2):
 PSYoungGen      total 152576K, used 10589K [0x00000000e0000000, 0x00000000ecc80000, 0x0000000100000000)
  eden space 137216K, 0% used [0x00000000e0000000,0x00000000e0000000,0x00000000e8600000)
  from space 15360K, 68% used [0x00000000e8600000,0x00000000e9057508,0x00000000e9500000)
  to   space 15872K, 0% used [0x00000000ebd00000,0x00000000ebd00000,0x00000000ecc80000)
 ParOldGen       total 54784K, used 28938K [0x00000000a0000000, 0x00000000a3580000, 0x00000000e0000000)
  object space 54784K, 52% used [0x00000000a0000000,0x00000000a1c42ba8,0x00000000a3580000)
 Metaspace       used 57302K, capacity 58902K, committed 59028K, reserved 1099776K
  class space    used 7789K, capacity 8192K, committed 8192K, reserved 1048576K
}
Event: 36.733 GC heap before
{Heap before GC invocations=18 (full 3):
 PSYoungGen      total 152576K, used 10589K [0x00000000e0000000, 0x00000000ecc80000, 0x0000000100000000)
  eden space 137216K, 0% used [0x00000000e0000000,0x00000000e0000000,0x00000000e8600000)
  from space 15360K, 68% used [0x00000000e8600000,0x00000000e9057508,0x00000000e9500000)
  to   space 15872K, 0% used [0x00000000ebd00000,0x00000000ebd00000,0x00000000ecc80000)
 ParOldGen       total 54784K, used 28938K [0x00000000a0000000, 0x00000000a3580000, 0x00000000e0000000)
  object space 54784K, 52% used [0x00000000a0000000,0x00000000a1c42ba8,0x00000000a3580000)
 Metaspace       used 57302K, capacity 58902K, committed 59028K, reserved 1099776K
  class space    used 7789K, capacity 8192K, committed 8192K, reserved 1048576K
Event: 37.122 GC heap after
Heap after GC invocations=18 (full 3):
 PSYoungGen      total 152576K, used 0K [0x00000000e0000000, 0x00000000ecc80000, 0x0000000100000000)
  eden space 137216K, 0% used [0x00000000e0000000,0x00000000e0000000,0x00000000e8600000)
  from space 15360K, 0% used [0x00000000e8600000,0x00000000e8600000,0x00000000e9500000)
  to   space 15872K, 0% used [0x00000000ebd00000,0x00000000ebd00000,0x00000000ecc80000)
 ParOldGen       total 89088K, used 34803K [0x00000000a0000000, 0x00000000a5700000, 0x00000000e0000000)
  object space 89088K, 39% used [0x00000000a0000000,0x00000000a21fcd38,0x00000000a5700000)
 Metaspace       used 57302K, capacity 58902K, committed 59028K, reserved 1099776K
  class space    used 7789K, capacity 8192K, committed 8192K, reserved 1048576K
}
Event: 44.566 GC heap before
{Heap before GC invocations=19 (full 3):
 PSYoungGen      total 152576K, used 137216K [0x00000000e0000000, 0x00000000ecc80000, 0x0000000100000000)
  eden space 137216K, 100% used [0x00000000e0000000,0x00000000e8600000,0x00000000e8600000)
  from space 15360K, 0% used [0x00000000e8600000,0x00000000e8600000,0x00000000e9500000)
  to   space 15872K, 0% used [0x00000000ebd00000,0x00000000ebd00000,0x00000000ecc80000)
 ParOldGen       total 89088K, used 34803K [0x00000000a0000000, 0x00000000a5700000, 0x00000000e0000000)
  object space 89088K, 39% used [0x00000000a0000000,0x00000000a21fcd38,0x00000000a5700000)
 Metaspace       used 66559K, capacity 68512K, committed 68608K, reserved 1107968K
  class space    used 8985K, capacity 9444K, committed 9472K, reserved 1048576K
Event: 44.597 GC heap after
Heap after GC invocations=19 (full 3):
 PSYoungGen      total 181760K, used 15861K [0x00000000e0000000, 0x00000000ecc80000, 0x0000000100000000)
  eden space 165888K, 0% used [0x00000000e0000000,0x00000000e0000000,0x00000000ea200000)
  from space 15872K, 99% used [0x00000000ebd00000,0x00000000ecc7d720,0x00000000ecc80000)
  to   space 18944K, 0% used [0x00000000ea780000,0x00000000ea780000,0x00000000eba00000)
 ParOldGen       total 89088K, used 36633K [0x00000000a0000000, 0x00000000a5700000, 0x00000000e0000000)
  object space 89088K, 41% used [0x00000000a0000000,0x00000000a23c6758,0x00000000a5700000)
 Metaspace       used 66559K, capacity 68512K, committed 68608K, reserved 1107968K
  class space    used 8985K, capacity 9444K, committed 9472K, reserved 1048576K
}
Event: 47.471 GC heap before
{Heap before GC invocations=20 (full 3):
 PSYoungGen      total 181760K, used 181749K [0x00000000e0000000, 0x00000000ecc80000, 0x0000000100000000)
  eden space 165888K, 100% used [0x00000000e0000000,0x00000000ea200000,0x00000000ea200000)
  from space 15872K, 99% used [0x00000000ebd00000,0x00000000ecc7d720,0x00000000ecc80000)
  to   space 18944K, 0% used [0x00000000ea780000,0x00000000ea780000,0x00000000eba00000)
 ParOldGen       total 89088K, used 36633K [0x00000000a0000000, 0x00000000a5700000, 0x00000000e0000000)
  object space 89088K, 41% used [0x00000000a0000000,0x00000000a23c6758,0x00000000a5700000)
 Metaspace       used 71580K, capacity 73790K, committed 73856K, reserved 1114112K
  class space    used 9576K, capacity 10103K, committed 10112K, reserved 1048576K
Event: 47.504 GC heap after
Heap after GC invocations=20 (full 3):
 PSYoungGen      total 190464K, used 4725K [0x00000000e0000000, 0x00000000ede80000, 0x0000000100000000)
  eden space 171520K, 0% used [0x00000000e0000000,0x00000000e0000000,0x00000000ea780000)
  from space 18944K, 24% used [0x00000000ea780000,0x00000000eac1d768,0x00000000eba00000)
  to   space 18432K, 0% used [0x00000000ecc80000,0x00000000ecc80000,0x00000000ede80000)
 ParOldGen       total 89088K, used 44809K [0x00000000a0000000, 0x00000000a5700000, 0x00000000e0000000)
  object space 89088K, 50% used [0x00000000a0000000,0x00000000a2bc27c0,0x00000000a5700000)
 Metaspace       used 71580K, capacity 73790K, committed 73856K, reserved 1114112K
  class space    used 9576K, capacity 10103K, committed 10112K, reserved 1048576K
}

Deoptimization events (10 events):
Event: 46.338 Thread 0x0000000019d88800 Uncommon trap: reason=unstable_if action=reinterpret pc=0x00000000047340d0 method=com.android.tools.r8.ir.regalloc.LiveIntervals.hasSplits()Z @ 9
Event: 46.338 Thread 0x0000000019d88800 Uncommon trap: reason=unstable_if action=reinterpret pc=0x0000000004891b28 method=com.android.tools.r8.ir.regalloc.LiveIntervals.hasSplits()Z @ 9
Event: 46.570 Thread 0x0000000019d87000 Uncommon trap: reason=unstable_if action=reinterpret pc=0x00000000047c72d8 method=com.android.tools.r8.ir.regalloc.LinearScanRegisterAllocator.isLocalLiveAtInstruction(Lcom/android/tools/r8/ir/code/Instruction;IILcom/android/tools/r8/ir/code/Value;)Z @ 43
Event: 46.855 Thread 0x0000000019d88800 Uncommon trap: reason=unstable_if action=reinterpret pc=0x0000000004ab7658 method=com.android.tools.r8.ir.conversion.JarSourceCode.buildInstruction(Lcom/android/tools/r8/ir/conversion/IRBuilder;IZ)V @ 220
Event: 47.016 Thread 0x0000000019d87000 Uncommon trap: reason=class_check action=maybe_recompile pc=0x0000000004a8a154 method=com.android.tools.r8.ir.conversion.JarState.recordStateForTarget(I[Lcom/android/tools/r8/ir/conversion/JarState$Local;Lcom/android/tools/r8/com/google/common/collect/Imm
Event: 47.016 Thread 0x0000000019d87000 Uncommon trap: reason=class_check action=maybe_recompile pc=0x0000000004a8a154 method=com.android.tools.r8.ir.conversion.JarState.recordStateForTarget(I[Lcom/android/tools/r8/ir/conversion/JarState$Local;Lcom/android/tools/r8/com/google/common/collect/Imm
Event: 47.016 Thread 0x0000000019d87000 Uncommon trap: reason=class_check action=maybe_recompile pc=0x0000000004a8a154 method=com.android.tools.r8.ir.conversion.JarState.recordStateForTarget(I[Lcom/android/tools/r8/ir/conversion/JarState$Local;Lcom/android/tools/r8/com/google/common/collect/Imm
Event: 47.276 Thread 0x0000000019d88800 Uncommon trap: reason=class_check action=maybe_recompile pc=0x0000000004a8a154 method=com.android.tools.r8.ir.conversion.JarState.recordStateForTarget(I[Lcom/android/tools/r8/ir/conversion/JarState$Local;Lcom/android/tools/r8/com/google/common/collect/Imm
Event: 47.981 Thread 0x0000000019d88800 Uncommon trap: reason=unstable_if action=reinterpret pc=0x00000000044fbff0 method=com.android.tools.r8.graph.CachedHashValueDexItem.equals(Ljava/lang/Object;)Z @ 10
Event: 47.989 Thread 0x0000000019d88800 Uncommon trap: reason=unstable_if action=reinterpret pc=0x0000000003bd95c4 method=java.util.Arrays.equals([Ljava/lang/Object;[Ljava/lang/Object;)Z @ 47

Classes redefined (0 events):
No events

Internal exceptions (10 events):
Event: 46.686 Thread 0x0000000019d7d000 Exception <a 'sun/nio/fs/WindowsException'> (0x00000000e5d0d988) thrown at [D:\src\AOSP-openjdk-cygwin\jdk8u\hotspot\src\share\vm\prims\jni.cpp, line 709]
Event: 46.826 Thread 0x0000000019d7d000 Exception <a 'sun/nio/fs/WindowsException'> (0x00000000e5d3a8d8) thrown at [D:\src\AOSP-openjdk-cygwin\jdk8u\hotspot\src\share\vm\prims\jni.cpp, line 709]
Event: 46.944 Thread 0x0000000019d7d000 Exception <a 'sun/nio/fs/WindowsException'> (0x00000000e70b3ef0) thrown at [D:\src\AOSP-openjdk-cygwin\jdk8u\hotspot\src\share\vm\prims\jni.cpp, line 709]
Event: 47.124 Thread 0x0000000019d7d000 Exception <a 'sun/nio/fs/WindowsException'> (0x00000000e70e1d00) thrown at [D:\src\AOSP-openjdk-cygwin\jdk8u\hotspot\src\share\vm\prims\jni.cpp, line 709]
Event: 47.244 Thread 0x0000000019d7d000 Exception <a 'sun/nio/fs/WindowsException'> (0x00000000e8d096c0) thrown at [D:\src\AOSP-openjdk-cygwin\jdk8u\hotspot\src\share\vm\prims\jni.cpp, line 709]
Event: 47.329 Thread 0x0000000019d7d000 Exception <a 'sun/nio/fs/WindowsException'> (0x00000000e8d35780) thrown at [D:\src\AOSP-openjdk-cygwin\jdk8u\hotspot\src\share\vm\prims\jni.cpp, line 709]
Event: 47.461 Thread 0x0000000019d7d000 Exception <a 'sun/nio/fs/WindowsException'> (0x00000000ea048240) thrown at [D:\src\AOSP-openjdk-cygwin\jdk8u\hotspot\src\share\vm\prims\jni.cpp, line 709]
Event: 47.654 Thread 0x0000000019d7d000 Exception <a 'sun/nio/fs/WindowsException'> (0x00000000e002c0d8) thrown at [D:\src\AOSP-openjdk-cygwin\jdk8u\hotspot\src\share\vm\prims\jni.cpp, line 709]
Event: 47.819 Thread 0x0000000019d7d000 Exception <a 'sun/nio/fs/WindowsException'> (0x00000000e158a080) thrown at [D:\src\AOSP-openjdk-cygwin\jdk8u\hotspot\src\share\vm\prims\jni.cpp, line 709]
Event: 48.021 Thread 0x0000000019d7d000 Exception <a 'sun/nio/fs/WindowsException'> (0x00000000e2063c28) thrown at [D:\src\AOSP-openjdk-cygwin\jdk8u\hotspot\src\share\vm\prims\jni.cpp, line 709]

Events (10 events):
Event: 48.157 loading class com/android/tools/r8/graph/DexEncodedMethod
Event: 48.157 loading class com/android/tools/r8/graph/DexEncodedMethod done
Event: 48.157 loading class com/android/tools/r8/graph/DexEncodedMethod
Event: 48.157 loading class com/android/tools/r8/graph/DexEncodedMethod done
Event: 48.157 loading class com/android/tools/r8/dex/FileWriter
Event: 48.157 loading class com/android/tools/r8/dex/FileWriter done
Event: 48.158 loading class com/android/tools/r8/graph/DexEncodedMethod
Event: 48.158 loading class com/android/tools/r8/graph/DexEncodedMethod done
Event: 48.158 loading class com/android/tools/r8/dex/FileWriter
Event: 48.158 loading class com/android/tools/r8/dex/FileWriter done


Dynamic libraries:
0x00007ff7038e0000 - 0x00007ff703911000 	C:\Program Files\Android\Android Studio\jre\bin\java.exe
0x00007ffa89b80000 - 0x00007ffa89d61000 	C:\WINDOWS\SYSTEM32\ntdll.dll
0x00007ffa89330000 - 0x00007ffa893e2000 	C:\WINDOWS\System32\KERNEL32.DLL
0x00007ffa86d90000 - 0x00007ffa87003000 	C:\WINDOWS\System32\KERNELBASE.dll
0x00007ffa895f0000 - 0x00007ffa89691000 	C:\WINDOWS\System32\ADVAPI32.dll
0x00007ffa89200000 - 0x00007ffa8929e000 	C:\WINDOWS\System32\msvcrt.dll
0x00007ffa89190000 - 0x00007ffa891eb000 	C:\WINDOWS\System32\sechost.dll
0x00007ffa874f0000 - 0x00007ffa87614000 	C:\WINDOWS\System32\RPCRT4.dll
0x00007ffa89460000 - 0x00007ffa895f0000 	C:\WINDOWS\System32\USER32.dll
0x00007ffa86270000 - 0x00007ffa86290000 	C:\WINDOWS\System32\win32u.dll
0x00007ffa87010000 - 0x00007ffa87038000 	C:\WINDOWS\System32\GDI32.dll
0x00007ffa86290000 - 0x00007ffa86422000 	C:\WINDOWS\System32\gdi32full.dll
0x00007ffa86580000 - 0x00007ffa8661f000 	C:\WINDOWS\System32\msvcp_win.dll
0x00007ffa86480000 - 0x00007ffa8657a000 	C:\WINDOWS\System32\ucrtbase.dll
0x00007ffa70d70000 - 0x00007ffa70fd9000 	C:\WINDOWS\WinSxS\amd64_microsoft.windows.common-controls_6595b64144ccf1df_6.0.17134.471_none_fb3e9aab3068fc16\COMCTL32.dll
0x00007ffa896a0000 - 0x00007ffa899c2000 	C:\WINDOWS\System32\combase.dll
0x00007ffa85f50000 - 0x00007ffa85fca000 	C:\WINDOWS\System32\bcryptPrimitives.dll
0x00007ffa89a30000 - 0x00007ffa89a5d000 	C:\WINDOWS\System32\IMM32.DLL
0x000000006b3c0000 - 0x000000006b492000 	C:\Program Files\Android\Android Studio\jre\jre\bin\msvcr100.dll
0x000000006b580000 - 0x000000006bdc1000 	C:\Program Files\Android\Android Studio\jre\jre\bin\server\jvm.dll
0x00007ffa891f0000 - 0x00007ffa891f8000 	C:\WINDOWS\System32\PSAPI.DLL
0x00007ffa7a590000 - 0x00007ffa7a599000 	C:\WINDOWS\SYSTEM32\WSOCK32.dll
0x00007ffa7c970000 - 0x00007ffa7c993000 	C:\WINDOWS\SYSTEM32\WINMM.dll
0x00007ffa87960000 - 0x00007ffa879cc000 	C:\WINDOWS\System32\WS2_32.dll
0x00007ffa7c9a0000 - 0x00007ffa7c9aa000 	C:\WINDOWS\SYSTEM32\VERSION.dll
0x00007ffa7c940000 - 0x00007ffa7c96a000 	C:\WINDOWS\SYSTEM32\WINMMBASE.dll
0x00007ffa86430000 - 0x00007ffa86479000 	C:\WINDOWS\System32\cfgmgr32.dll
0x00007ffa7d1b0000 - 0x00007ffa7d1bf000 	C:\Program Files\Android\Android Studio\jre\jre\bin\verify.dll
0x00007ffa715a0000 - 0x00007ffa715c9000 	C:\Program Files\Android\Android Studio\jre\jre\bin\java.dll
0x00007ffa75f70000 - 0x00007ffa75f86000 	C:\Program Files\Android\Android Studio\jre\jre\bin\zip.dll
0x00007ffa879d0000 - 0x00007ffa88e10000 	C:\WINDOWS\System32\SHELL32.dll
0x00007ffa87620000 - 0x00007ffa876c9000 	C:\WINDOWS\System32\shcore.dll
0x00007ffa86620000 - 0x00007ffa86d2d000 	C:\WINDOWS\System32\windows.storage.dll
0x00007ffa893f0000 - 0x00007ffa89441000 	C:\WINDOWS\System32\shlwapi.dll
0x00007ffa85f30000 - 0x00007ffa85f41000 	C:\WINDOWS\System32\kernel.appcore.dll
0x00007ffa85f10000 - 0x00007ffa85f2f000 	C:\WINDOWS\System32\profapi.dll
0x00007ffa85ea0000 - 0x00007ffa85eec000 	C:\WINDOWS\System32\powrprof.dll
0x00007ffa85e90000 - 0x00007ffa85e9a000 	C:\WINDOWS\System32\FLTLIB.DLL
0x00007ffa73810000 - 0x00007ffa7382a000 	C:\Program Files\Android\Android Studio\jre\jre\bin\net.dll
0x00007ffa856b0000 - 0x00007ffa85716000 	C:\WINDOWS\system32\mswsock.dll
0x00007ffa71580000 - 0x00007ffa71591000 	C:\Program Files\Android\Android Studio\jre\jre\bin\nio.dll
0x00007ffa80230000 - 0x00007ffa8024e000 	C:\Users\admin\.gradle\native\25\windows-amd64\native-platform.dll
0x00007ffa7d140000 - 0x00007ffa7d14d000 	C:\Program Files\Android\Android Studio\jre\jre\bin\management.dll
0x00007ffa85860000 - 0x00007ffa85877000 	C:\WINDOWS\SYSTEM32\CRYPTSP.dll
0x00007ffa85290000 - 0x00007ffa852c3000 	C:\WINDOWS\system32\rsaenh.dll
0x00007ffa85990000 - 0x00007ffa859b5000 	C:\WINDOWS\SYSTEM32\bcrypt.dll
0x00007ffa85d90000 - 0x00007ffa85db8000 	C:\WINDOWS\SYSTEM32\USERENV.dll
0x00007ffa85880000 - 0x00007ffa8588b000 	C:\WINDOWS\SYSTEM32\CRYPTBASE.dll
0x00007ffa85430000 - 0x00007ffa85468000 	C:\WINDOWS\SYSTEM32\IPHLPAPI.DLL
0x00007ffa89450000 - 0x00007ffa89458000 	C:\WINDOWS\System32\NSI.dll
0x00007ffa81c70000 - 0x00007ffa81c86000 	C:\WINDOWS\SYSTEM32\dhcpcsvc6.DLL
0x00007ffa81c50000 - 0x00007ffa81c6a000 	C:\WINDOWS\SYSTEM32\dhcpcsvc.DLL
0x00007ffa84f80000 - 0x00007ffa84fb1000 	C:\WINDOWS\SYSTEM32\ntmarta.dll

VM Arguments:
jvm_args: -Xmx1536m -Dfile.encoding=windows-1252 -Duser.country=US -Duser.language=en -Duser.variant 
java_command: org.gradle.launcher.daemon.bootstrap.GradleDaemon 4.6
java_class_path (initial): C:\Users\admin\.gradle\wrapper\dists\gradle-4.6-all\bcst21l2brirad8k2ben1letg\gradle-4.6\lib\gradle-launcher-4.6.jar
Launcher Type: SUN_STANDARD

Environment Variables:
PATH=C:\Program Files (x86)\Business Objects\Common\3.5\bin\NOTES\;C:\Program Files (x86)\Business Objects\Common\3.5\bin\NOTES\DATA\;C:\Program Files (x86)\Lenovo\FusionEngine;C:\WINDOWS\system32;C:\WINDOWS;C:\WINDOWS\System32\Wbem;C:\WINDOWS\System32\WindowsPowerShell\v1.0\;C:\Program Files (x86)\Common Files\lenovo\easyplussdk\bin;C:\Program Files\Intel\WiFi\bin\;C:\Program Files\Common Files\Intel\WirelessCommon\;C:\Program Files (x86)\CodeBlocks\MinGW\bin;C:\TDM-GCC-64\bin;C:\WINDOWS\System32\OpenSSH\;C:\Program Files\nodejs\;C:\Program Files\Java\jdk-10.0.2\bin;C:\Program Files\Java\jre-10.0.2\bin;C:\Users\admin\AppData\Local\Microsoft\WindowsApps;C:\Users\admin\AppData\Roaming\npm;C:\Users\admin\AppData\Local\Programs\Microsoft VS Code\bin;
USERNAME=admin
OS=Windows_NT
PROCESSOR_IDENTIFIER=Intel64 Family 6 Model 61 Stepping 4, GenuineIntel



---------------  S Y S T E M  ---------------

OS: Windows 10.0 , 64 bit Build 17134 (10.0.17134.1)

CPU:total 4 (initial active 4) (2 cores per cpu, 2 threads per core) family 6 model 61 stepping 4, cmov, cx8, fxsr, mmx, sse, sse2, sse3, ssse3, sse4.1, sse4.2, popcnt, avx, avx2, aes, clmul, erms, 3dnowpref, lzcnt, ht, tsc, tscinvbit, bmi1, bmi2, adx

Memory: 4k page, physical 4107344k(433760k free), swap 6155344k(6756k free)

vm_info: OpenJDK 64-Bit Server VM (25.152-b06) for windows-amd64 JRE (1.8.0_152-release-1136-b06), built by "builder" with MS VC++ 10.0 (VS2010)

time: Sun Dec 16 15:35:31 2018
elapsed time: 48 seconds (0d 0h 0m 48s)

