#
# There is insufficient memory for the Java Runtime Environment to continue.
# Native memory allocation (malloc) failed to allocate 960496 bytes for Chunk::new
# Possible reasons:
#   The system is out of physical RAM or swap space
#   In 32 bit mode, the process size limit was hit
# Possible solutions:
#   Reduce memory load on the system
#   Increase physical memory or swap space
#   Check if swap backing store is full
#   Use 64 bit Java on a 64 bit OS
#   Decrease Java heap size (-Xmx/-Xms)
#   Decrease number of Java threads
#   Decrease Java thread stack sizes (-Xss)
#   Set larger code cache with -XX:ReservedCodeCacheSize=
# This output file may be truncated or incomplete.
#
#  Out of Memory Error (allocation.cpp:390), pid=5360, tid=0x0000000000001050
#
# JRE version: OpenJDK Runtime Environment (8.0_152-b06) (build 1.8.0_152-release-1136-b06)
# Java VM: OpenJDK 64-Bit Server VM (25.152-b06 mixed mode windows-amd64 compressed oops)
# Failed to write core dump. Minidumps are not enabled by default on client versions of Windows
#

---------------  T H R E A D  ---------------

Current thread (0x000000001616d800):  JavaThread "C2 CompilerThread1" daemon [_thread_in_native, id=4176, stack(0x00000000178b0000,0x00000000179b0000)]

Stack: [0x00000000178b0000,0x00000000179b0000]
[error occurred during error reporting (printing stack bounds), id 0xc0000005]

Native frames: (J=compiled Java code, j=interpreted, Vv=VM code, C=native code)


Current CompileTask:
C2:4654723 16783       4       java.util.Arrays::sort (47 bytes)


---------------  P R O C E S S  ---------------

Java Threads: ( => current thread )
  0x0000000021476000 JavaThread "ForkJoinPool.commonPool-worker-0" daemon [_thread_in_native, id=8064, stack(0x000000002afd0000,0x000000002b0d0000)]
  0x000000002147c800 JavaThread "ForkJoinPool.commonPool-worker-3" daemon [_thread_blocked, id=4752, stack(0x000000002aed0000,0x000000002afd0000)]
  0x0000000021475000 JavaThread "ForkJoinPool.commonPool-worker-2" daemon [_thread_in_Java, id=8844, stack(0x000000002add0000,0x000000002aed0000)]
  0x000000002147c000 JavaThread "Cache worker for Java compile cache (D:\New folder (2)\DCHAT\EchoApp\.gradle\4.6\javaCompile)" [_thread_blocked, id=6096, stack(0x000000002acd0000,0x000000002add0000)]
  0x0000000021474800 JavaThread "RMI TCP Connection(idle)" daemon [_thread_blocked, id=9812, stack(0x000000002abd0000,0x000000002acd0000)]
  0x000000002147b000 JavaThread "Task worker for ':' Thread 3" [_thread_blocked, id=7064, stack(0x000000002a9d0000,0x000000002aad0000)]
  0x000000002147a800 JavaThread "Task worker for ':' Thread 2" [_thread_blocked, id=5088, stack(0x000000002a8d0000,0x000000002a9d0000)]
  0x00000000186e1000 JavaThread "Task worker for ':'" [_thread_blocked, id=11380, stack(0x000000002a7d0000,0x000000002a8d0000)]
  0x00000000186e0000 JavaThread "Cache worker for Build Output Cleanup Cache (D:\New folder (2)\DCHAT\EchoApp\.gradle\buildOutputCleanup)" [_thread_blocked, id=11168, stack(0x000000002a6d0000,0x000000002a7d0000)]
  0x00000000186e3000 JavaThread "Cache worker for task history cache (D:\New folder (2)\DCHAT\EchoApp\.gradle\4.6\taskHistory)" [_thread_blocked, id=3736, stack(0x000000002a5d0000,0x000000002a6d0000)]
  0x00000000186df800 JavaThread "Cache worker for file content cache (D:\New folder (2)\DCHAT\EchoApp\.gradle\4.6\fileContent)" [_thread_blocked, id=2044, stack(0x000000002a4d0000,0x000000002a5d0000)]
  0x00000000186de800 JavaThread "Build operations Thread 4" [_thread_blocked, id=5760, stack(0x000000002a3d0000,0x000000002a4d0000)]
  0x00000000186e1800 JavaThread "Build operations Thread 3" [_thread_blocked, id=8364, stack(0x000000002a2d0000,0x000000002a3d0000)]
  0x00000000186de000 JavaThread "Build operations Thread 2" [_thread_blocked, id=7316, stack(0x000000002a1d0000,0x000000002a2d0000)]
  0x00000000186e2800 JavaThread "Build operations" [_thread_blocked, id=8396, stack(0x000000002a0d0000,0x000000002a1d0000)]
  0x00000000186d6800 JavaThread "Cache worker for Artifact transforms cache (C:\Users\admin\.gradle\caches\transforms-1)" [_thread_blocked, id=11760, stack(0x0000000029fd0000,0x000000002a0d0000)]
  0x00000000186dd000 JavaThread "Cache worker for file hash cache (D:\New folder (2)\DCHAT\EchoApp\.gradle\4.6\fileHashes)" [_thread_blocked, id=7300, stack(0x0000000029ed0000,0x0000000029fd0000)]
  0x00000000186d5800 JavaThread "Stdin handler" [_thread_blocked, id=12260, stack(0x0000000029dd0000,0x0000000029ed0000)]
  0x00000000186dc800 JavaThread "Asynchronous log dispatcher for DefaultDaemonConnection: socket connection from /127.0.0.1:53742 to /127.0.0.1:54815" [_thread_blocked, id=5272, stack(0x0000000029cd0000,0x0000000029dd0000)]
  0x00000000186db800 JavaThread "Daemon worker Thread 4" [_thread_blocked, id=11512, stack(0x0000000029bd0000,0x0000000029cd0000)]
  0x00000000186d8800 JavaThread "Cancel handler" [_thread_blocked, id=8432, stack(0x0000000029ad0000,0x0000000029bd0000)]
  0x00000000186d4000 JavaThread "Handler for socket connection from /127.0.0.1:53742 to /127.0.0.1:54815" [_thread_in_native, id=7240, stack(0x00000000299d0000,0x0000000029ad0000)]
  0x00000000186db000 JavaThread "Daemon Thread 4" [_thread_blocked, id=12172, stack(0x00000000298d0000,0x00000000299d0000)]
  0x00000000186da000 JavaThread "RMI TCP Connection(idle)" daemon [_thread_blocked, id=1116, stack(0x00000000296d0000,0x00000000297d0000)]
  0x00000000186d9800 JavaThread "RMI Reaper" [_thread_blocked, id=5492, stack(0x00000000295d0000,0x00000000296d0000)]
  0x00000000186d5000 JavaThread "RMI TCP Accept-0" daemon [_thread_in_native, id=6900, stack(0x00000000294d0000,0x00000000295d0000)]
  0x00000000186d8000 JavaThread "GC Daemon" daemon [_thread_blocked, id=11364, stack(0x00000000291d0000,0x00000000292d0000)]
  0x000000001e096000 JavaThread "RMI RenewClean-[127.0.0.1:17684,org.jetbrains.kotlin.daemon.common.LoopbackNetworkInterface$ClientLoopbackSocketFactory@77f87a05]" daemon [_thread_blocked, id=8132, stack(0x00000000290d0000,0x00000000291d0000)]
  0x0000000021479000 JavaThread "RMI Scheduler(0)" daemon [_thread_blocked, id=11480, stack(0x0000000028fd0000,0x00000000290d0000)]
  0x000000001e093000 JavaThread "Memory manager" [_thread_blocked, id=688, stack(0x0000000021e40000,0x0000000021f40000)]
  0x000000001e092000 JavaThread "pool-1-thread-1" [_thread_blocked, id=8424, stack(0x0000000021b40000,0x0000000021c40000)]
  0x0000000017bf5800 JavaThread "File lock request listener" [_thread_in_native, id=11372, stack(0x000000001ac00000,0x000000001ad00000)]
  0x0000000019287000 JavaThread "Cache worker for file hash cache (C:\Users\admin\.gradle\caches\4.6\fileHashes)" [_thread_blocked, id=8968, stack(0x000000001ab00000,0x000000001ac00000)]
  0x0000000018e73000 JavaThread "Daemon periodic checks" [_thread_blocked, id=1596, stack(0x000000001a000000,0x000000001a100000)]
  0x0000000018e59800 JavaThread "Incoming local TCP Connector on port 53742" [_thread_in_native, id=7952, stack(0x0000000019dc0000,0x0000000019ec0000)]
  0x0000000017ad0800 JavaThread "Service Thread" daemon [_thread_blocked, id=5816, stack(0x0000000017eb0000,0x0000000017fb0000)]
  0x0000000016178800 JavaThread "C1 CompilerThread2" daemon [_thread_in_native, id=4240, stack(0x00000000179b0000,0x0000000017ab0000)]
=>0x000000001616d800 JavaThread "C2 CompilerThread1" daemon [_thread_in_native, id=4176, stack(0x00000000178b0000,0x00000000179b0000)]
  0x0000000016168000 JavaThread "C2 CompilerThread0" daemon [_thread_in_native, id=8864, stack(0x00000000177b0000,0x00000000178b0000)]
  0x0000000016176000 JavaThread "Attach Listener" daemon [_thread_blocked, id=2252, stack(0x00000000176b0000,0x00000000177b0000)]
  0x0000000016174800 JavaThread "Signal Dispatcher" daemon [_thread_blocked, id=2496, stack(0x00000000175b0000,0x00000000176b0000)]
  0x00000000027fc000 JavaThread "Finalizer" daemon [_thread_blocked, id=9292, stack(0x00000000173c0000,0x00000000174c0000)]
  0x00000000027f1800 JavaThread "Reference Handler" daemon [_thread_blocked, id=3852, stack(0x00000000172c0000,0x00000000173c0000)]
  0x00000000026fe800 JavaThread "main" [_thread_blocked, id=8888, stack(0x0000000002540000,0x0000000002640000)]

Other Threads:
  0x0000000016135800 VMThread [stack: 0x00000000171c0000,0x00000000172c0000] [id=4016]
  0x00000000161cc800 WatcherThread [stack: 0x0000000017fb0000,0x00000000180b0000] [id=3016]

VM state:not at safepoint (normal execution)

VM Mutex/Monitor currently owned by a thread: None

Heap:
 PSYoungGen      total 148992K, used 53883K [0x00000000e0000000, 0x00000000ebe80000, 0x0000000100000000)
  eden space 130560K, 27% used [0x00000000e0000000,0x00000000e22a3aa0,0x00000000e7f80000)
  from space 18432K, 99% used [0x00000000e7f80000,0x00000000e917b208,0x00000000e9180000)
  to   space 25088K, 0% used [0x00000000ea600000,0x00000000ea600000,0x00000000ebe80000)
 ParOldGen       total 90112K, used 58529K [0x00000000a0000000, 0x00000000a5800000, 0x00000000e0000000)
  object space 90112K, 64% used [0x00000000a0000000,0x00000000a3928748,0x00000000a5800000)
 Metaspace       used 91365K, capacity 94692K, committed 94936K, reserved 1132544K
  class space    used 11639K, capacity 12343K, committed 12544K, reserved 1048576K

Card table byte_map: [0x0000000011bc0000,0x0000000011ed0000] byte_map_base: 0x00000000116c0000

Marking Bits: (ParMarkBitMap*) 0x000000006bd45aa0
 Begin Bits: [0x00000000124d0000, 0x0000000013cd0000)
 End Bits:   [0x0000000013cd0000, 0x00000000154d0000)

Polling page: 0x0000000000900000

CodeCache: size=245760Kb used=47442Kb max_used=47442Kb free=198317Kb
 bounds [0x0000000002800000, 0x0000000005690000, 0x0000000011800000]
 total_blobs=15126 nmethods=14253 adapters=783
 compilation: enabled

Compilation events (10 events):
Event: 4653.198 Thread 0x0000000016178800 nmethod 17004 0x0000000005655690 code [0x0000000005655a00, 0x0000000005657548]
Event: 4653.198 Thread 0x0000000016178800 17001       3       com.android.tools.r8.ir.optimize.CodeRewriter::commonSubexpressionElimination (290 bytes)
Event: 4653.203 Thread 0x0000000016178800 nmethod 17001 0x0000000005658750 code [0x0000000005658bc0, 0x000000000565b618]
Event: 4653.203 Thread 0x0000000016178800 17006       3       com.android.tools.r8.ir.regalloc.LinearScanRegisterAllocator::createLocalsChange (230 bytes)
Event: 4653.206 Thread 0x0000000016178800 nmethod 17006 0x000000000565d550 code [0x000000000565d900, 0x000000000565f718]
Event: 4653.206 Thread 0x0000000016178800 17011       3       com.android.tools.r8.com.google.common.base.Equivalence$Wrapper::equals (53 bytes)
Event: 4653.207 Thread 0x0000000016178800 nmethod 17011 0x0000000005660310 code [0x00000000056604c0, 0x0000000005660c18]
Event: 4653.207 Thread 0x0000000016178800 17017       3       java.util.HashMap::containsKey (18 bytes)
Event: 4653.207 Thread 0x0000000016178800 nmethod 17017 0x0000000005660dd0 code [0x0000000005660f60, 0x0000000005661358]
Event: 4653.207 Thread 0x0000000016178800 17018       3       java.util.HashMap::getNode (148 bytes)

GC Heap History (10 events):
Event: 4473.682 GC heap before
{Heap before GC invocations=29 (full 3):
 PSYoungGen      total 144896K, used 144848K [0x00000000e0000000, 0x00000000ea480000, 0x0000000100000000)
  eden space 138752K, 100% used [0x00000000e0000000,0x00000000e8780000,0x00000000e8780000)
  from space 6144K, 99% used [0x00000000e8c80000,0x00000000e9274080,0x00000000e9280000)
  to   space 14848K, 0% used [0x00000000e9600000,0x00000000e9600000,0x00000000ea480000)
 ParOldGen       total 90112K, used 54891K [0x00000000a0000000, 0x00000000a5800000, 0x00000000e0000000)
  object space 90112K, 60% used [0x00000000a0000000,0x00000000a359ad48,0x00000000a5800000)
 Metaspace       used 75675K, capacity 78597K, committed 78936K, reserved 1118208K
  class space    used 9843K, capacity 10497K, committed 10624K, reserved 1048576K
Event: 4473.786 GC heap after
Heap after GC invocations=29 (full 3):
 PSYoungGen      total 144384K, used 9426K [0x00000000e0000000, 0x00000000ea000000, 0x0000000100000000)
  eden space 134144K, 0% used [0x00000000e0000000,0x00000000e0000000,0x00000000e8300000)
  from space 10240K, 92% used [0x00000000e9600000,0x00000000e9f34a68,0x00000000ea000000)
  to   space 14848K, 0% used [0x00000000e8300000,0x00000000e8300000,0x00000000e9180000)
 ParOldGen       total 90112K, used 54899K [0x00000000a0000000, 0x00000000a5800000, 0x00000000e0000000)
  object space 90112K, 60% used [0x00000000a0000000,0x00000000a359cd48,0x00000000a5800000)
 Metaspace       used 75675K, capacity 78597K, committed 78936K, reserved 1118208K
  class space    used 9843K, capacity 10497K, committed 10624K, reserved 1048576K
}
Event: 4489.543 GC heap before
{Heap before GC invocations=30 (full 3):
 PSYoungGen      total 144384K, used 36533K [0x00000000e0000000, 0x00000000ea000000, 0x0000000100000000)
  eden space 134144K, 20% used [0x00000000e0000000,0x00000000e1a789b8,0x00000000e8300000)
  from space 10240K, 92% used [0x00000000e9600000,0x00000000e9f34a68,0x00000000ea000000)
  to   space 14848K, 0% used [0x00000000e8300000,0x00000000e8300000,0x00000000e9180000)
 ParOldGen       total 90112K, used 54899K [0x00000000a0000000, 0x00000000a5800000, 0x00000000e0000000)
  object space 90112K, 60% used [0x00000000a0000000,0x00000000a359cd48,0x00000000a5800000)
 Metaspace       used 77624K, capacity 80519K, committed 80728K, reserved 1120256K
  class space    used 10115K, capacity 10791K, committed 10880K, reserved 1048576K
Event: 4489.617 GC heap after
Heap after GC invocations=30 (full 3):
 PSYoungGen      total 148992K, used 8553K [0x00000000e0000000, 0x00000000ea000000, 0x0000000100000000)
  eden space 134144K, 0% used [0x00000000e0000000,0x00000000e0000000,0x00000000e8300000)
  from space 14848K, 57% used [0x00000000e8300000,0x00000000e8b5a708,0x00000000e9180000)
  to   space 14848K, 0% used [0x00000000e9180000,0x00000000e9180000,0x00000000ea000000)
 ParOldGen       total 90112K, used 54907K [0x00000000a0000000, 0x00000000a5800000, 0x00000000e0000000)
  object space 90112K, 60% used [0x00000000a0000000,0x00000000a359ed48,0x00000000a5800000)
 Metaspace       used 77624K, capacity 80519K, committed 80728K, reserved 1120256K
  class space    used 10115K, capacity 10791K, committed 10880K, reserved 1048576K
}
Event: 4489.617 GC heap before
{Heap before GC invocations=31 (full 4):
 PSYoungGen      total 148992K, used 8553K [0x00000000e0000000, 0x00000000ea000000, 0x0000000100000000)
  eden space 134144K, 0% used [0x00000000e0000000,0x00000000e0000000,0x00000000e8300000)
  from space 14848K, 57% used [0x00000000e8300000,0x00000000e8b5a708,0x00000000e9180000)
  to   space 14848K, 0% used [0x00000000e9180000,0x00000000e9180000,0x00000000ea000000)
 ParOldGen       total 90112K, used 54907K [0x00000000a0000000, 0x00000000a5800000, 0x00000000e0000000)
  object space 90112K, 60% used [0x00000000a0000000,0x00000000a359ed48,0x00000000a5800000)
 Metaspace       used 77624K, capacity 80519K, committed 80728K, reserved 1120256K
  class space    used 10115K, capacity 10791K, committed 10880K, reserved 1048576K
Event: 4497.470 GC heap after
Heap after GC invocations=31 (full 4):
 PSYoungGen      total 148992K, used 0K [0x00000000e0000000, 0x00000000ea000000, 0x0000000100000000)
  eden space 134144K, 0% used [0x00000000e0000000,0x00000000e0000000,0x00000000e8300000)
  from space 14848K, 0% used [0x00000000e8300000,0x00000000e8300000,0x00000000e9180000)
  to   space 14848K, 0% used [0x00000000e9180000,0x00000000e9180000,0x00000000ea000000)
 ParOldGen       total 90112K, used 42327K [0x00000000a0000000, 0x00000000a5800000, 0x00000000e0000000)
  object space 90112K, 46% used [0x00000000a0000000,0x00000000a2955c68,0x00000000a5800000)
 Metaspace       used 76088K, capacity 78305K, committed 80728K, reserved 1120256K
  class space    used 9797K, capacity 10328K, committed 10880K, reserved 1048576K
}
Event: 4640.979 GC heap before
{Heap before GC invocations=32 (full 4):
 PSYoungGen      total 148992K, used 134144K [0x00000000e0000000, 0x00000000ea000000, 0x0000000100000000)
  eden space 134144K, 100% used [0x00000000e0000000,0x00000000e8300000,0x00000000e8300000)
  from space 14848K, 0% used [0x00000000e8300000,0x00000000e8300000,0x00000000e9180000)
  to   space 14848K, 0% used [0x00000000e9180000,0x00000000e9180000,0x00000000ea000000)
 ParOldGen       total 90112K, used 42327K [0x00000000a0000000, 0x00000000a5800000, 0x00000000e0000000)
  object space 90112K, 46% used [0x00000000a0000000,0x00000000a2955c68,0x00000000a5800000)
 Metaspace       used 81592K, capacity 84146K, committed 85336K, reserved 1124352K
  class space    used 10484K, capacity 11060K, committed 11392K, reserved 1048576K
Event: 4641.127 GC heap after
Heap after GC invocations=32 (full 4):
 PSYoungGen      total 145408K, used 14834K [0x00000000e0000000, 0x00000000eb180000, 0x0000000100000000)
  eden space 130560K, 0% used [0x00000000e0000000,0x00000000e0000000,0x00000000e7f80000)
  from space 14848K, 99% used [0x00000000e9180000,0x00000000e9ffc990,0x00000000ea000000)
  to   space 18432K, 0% used [0x00000000e7f80000,0x00000000e7f80000,0x00000000e9180000)
 ParOldGen       total 90112K, used 46769K [0x00000000a0000000, 0x00000000a5800000, 0x00000000e0000000)
  object space 90112K, 51% used [0x00000000a0000000,0x00000000a2dac588,0x00000000a5800000)
 Metaspace       used 81592K, capacity 84146K, committed 85336K, reserved 1124352K
  class space    used 10484K, capacity 11060K, committed 11392K, reserved 1048576K
}
Event: 4652.009 GC heap before
{Heap before GC invocations=33 (full 4):
 PSYoungGen      total 145408K, used 145394K [0x00000000e0000000, 0x00000000eb180000, 0x0000000100000000)
  eden space 130560K, 100% used [0x00000000e0000000,0x00000000e7f80000,0x00000000e7f80000)
  from space 14848K, 99% used [0x00000000e9180000,0x00000000e9ffc990,0x00000000ea000000)
  to   space 18432K, 0% used [0x00000000e7f80000,0x00000000e7f80000,0x00000000e9180000)
 ParOldGen       total 90112K, used 46769K [0x00000000a0000000, 0x00000000a5800000, 0x00000000e0000000)
  object space 90112K, 51% used [0x00000000a0000000,0x00000000a2dac588,0x00000000a5800000)
 Metaspace       used 90037K, capacity 93142K, committed 93784K, reserved 1130496K
  class space    used 11521K, capacity 12218K, committed 12416K, reserved 1048576K
Event: 4652.187 GC heap after
Heap after GC invocations=33 (full 4):
 PSYoungGen      total 148992K, used 18412K [0x00000000e0000000, 0x00000000ebe80000, 0x0000000100000000)
  eden space 130560K, 0% used [0x00000000e0000000,0x00000000e0000000,0x00000000e7f80000)
  from space 18432K, 99% used [0x00000000e7f80000,0x00000000e917b208,0x00000000e9180000)
  to   space 25088K, 0% used [0x00000000ea600000,0x00000000ea600000,0x00000000ebe80000)
 ParOldGen       total 90112K, used 58529K [0x00000000a0000000, 0x00000000a5800000, 0x00000000e0000000)
  object space 90112K, 64% used [0x00000000a0000000,0x00000000a3928748,0x00000000a5800000)
 Metaspace       used 90037K, capacity 93142K, committed 93784K, reserved 1130496K
  class space    used 11521K, capacity 12218K, committed 12416K, reserved 1048576K
}

Deoptimization events (10 events):
Event: 4652.774 Thread 0x0000000021475000 Uncommon trap: reason=unstable_if action=reinterpret pc=0x00000000054b78a4 method=com.android.tools.r8.ir.conversion.JarSourceCode.buildInstruction(Lcom/android/tools/r8/ir/conversion/IRBuilder;IZ)V @ 171
Event: 4652.841 Thread 0x0000000021475000 Uncommon trap: reason=unstable_if action=reinterpret pc=0x00000000054e4d24 method=com.android.tools.r8.com.google.common.collect.ImmutableSet.construct(I[Ljava/lang/Object;)Lcom/android/tools/r8/com/google/common/collect/ImmutableSet; @ 146
Event: 4652.913 Thread 0x0000000021475000 Uncommon trap: reason=unstable_if action=reinterpret pc=0x00000000055bbed8 method=com.android.tools.r8.ir.conversion.JarSourceCode.getTryHandlers(Lcom/android/tools/r8/org/objectweb/asm/tree/AbstractInsnNode;)Ljava/util/List; @ 55
Event: 4653.004 Thread 0x0000000021475000 Uncommon trap: reason=unstable_if action=reinterpret pc=0x0000000004e66d30 method=com.android.tools.r8.ir.conversion.JarSourceCode.getTryHandlers(Lcom/android/tools/r8/org/objectweb/asm/tree/AbstractInsnNode;)Ljava/util/List; @ 55
Event: 4653.029 Thread 0x0000000021476000 Uncommon trap: reason=unstable_if action=reinterpret pc=0x0000000005522750 method=java.util.IdentityHashMap.containsKey(Ljava/lang/Object;)Z @ 31
Event: 4653.059 Thread 0x0000000021476000 Uncommon trap: reason=unstable_if action=reinterpret pc=0x0000000005525454 method=java.util.IdentityHashMap.containsKey(Ljava/lang/Object;)Z @ 38
Event: 4653.073 Thread 0x0000000021476000 Uncommon trap: reason=unstable_if action=reinterpret pc=0x00000000055f9600 method=com.android.tools.r8.it.unimi.dsi.fastutil.objects.Reference2IntLinkedOpenHashMap.insert(Ljava/lang/Object;I)I @ 63
Event: 4653.205 Thread 0x000000002147c800 Uncommon trap: reason=unstable_if action=reinterpret pc=0x000000000343b2f4 method=java.util.HashMap.putVal(ILjava/lang/Object;Ljava/lang/Object;ZZ)Ljava/lang/Object; @ 162
Event: 4653.206 Thread 0x000000002147c800 Uncommon trap: reason=unstable_if action=reinterpret pc=0x0000000003153d3c method=java.util.HashMap.getNode(ILjava/lang/Object;)Ljava/util/HashMap$Node; @ 84
Event: 4653.206 Thread 0x000000002147c800 Uncommon trap: reason=unstable_if action=reinterpret pc=0x000000000366df64 method=java.util.HashMap.getNode(ILjava/lang/Object;)Ljava/util/HashMap$Node; @ 84

Classes redefined (0 events):
No events

Internal exceptions (10 events):
Event: 4648.384 Thread 0x00000000186db800 Exception <a 'sun/nio/fs/WindowsException'> (0x00000000e44efc98) thrown at [D:\src\AOSP-openjdk-cygwin\jdk8u\hotspot\src\share\vm\prims\jni.cpp, line 709]
Event: 4648.408 Thread 0x00000000186db800 Exception <a 'sun/nio/fs/WindowsException'> (0x00000000e4505390) thrown at [D:\src\AOSP-openjdk-cygwin\jdk8u\hotspot\src\share\vm\prims\jni.cpp, line 709]
Event: 4648.408 Thread 0x00000000186db800 Exception <a 'sun/nio/fs/WindowsException'> (0x00000000e45062b0) thrown at [D:\src\AOSP-openjdk-cygwin\jdk8u\hotspot\src\share\vm\prims\jni.cpp, line 709]
Event: 4648.408 Thread 0x00000000186db800 Exception <a 'sun/nio/fs/WindowsException'> (0x00000000e4508370) thrown at [D:\src\AOSP-openjdk-cygwin\jdk8u\hotspot\src\share\vm\prims\jni.cpp, line 709]
Event: 4648.466 Thread 0x000000002147c800 Exception <a 'java/lang/NoSuchMethodError': java.lang.Object.lambda$and$0(Ljava/util/function/Predicate;Ljava/lang/Object;)Z> (0x00000000e44bb448) thrown at [D:\src\AOSP-openjdk-cygwin\jdk8u\hotspot\src\share\vm\interpreter\linkResolver.cpp, line 584]
Event: 4648.466 Thread 0x0000000021476000 Exception <a 'java/lang/NoSuchMethodError': java.lang.Object.lambda$and$0(Ljava/util/function/Predicate;Ljava/lang/Object;)Z> (0x00000000e459b318) thrown at [D:\src\AOSP-openjdk-cygwin\jdk8u\hotspot\src\share\vm\interpreter\linkResolver.cpp, line 584]
Event: 4648.467 Thread 0x0000000021475000 Exception <a 'java/lang/NoSuchMethodError': java.lang.Object.lambda$and$0(Ljava/util/function/Predicate;Ljava/lang/Object;)Z> (0x00000000e457b4d0) thrown at [D:\src\AOSP-openjdk-cygwin\jdk8u\hotspot\src\share\vm\interpreter\linkResolver.cpp, line 584]
Event: 4648.492 Thread 0x0000000021476000 Exception <a 'java/lang/NoSuchMethodError': java.lang.Object.lambda$static$0(Ljava/lang/String;)Z> (0x00000000e459ed78) thrown at [D:\src\AOSP-openjdk-cygwin\jdk8u\hotspot\src\share\vm\interpreter\linkResolver.cpp, line 584]
Event: 4648.872 Thread 0x0000000021476000 Exception <a 'sun/nio/fs/WindowsException'> (0x00000000e4fc8600) thrown at [D:\src\AOSP-openjdk-cygwin\jdk8u\hotspot\src\share\vm\prims\jni.cpp, line 709]
Event: 4653.196 Thread 0x0000000021476000 Exception <a 'sun/nio/fs/WindowsException'> (0x00000000e1c2a890) thrown at [D:\src\AOSP-openjdk-cygwin\jdk8u\hotspot\src\share\vm\prims\jni.cpp, line 709]

Events (10 events):
Event: 4653.196 loading class com/android/tools/r8/com/google/common/io/Closer done
Event: 4653.205 Thread 0x000000002147c800 Uncommon trap: trap_request=0xffffff65 fr.pc=0x000000000343b2f4
Event: 4653.205 Thread 0x000000002147c800 DEOPT PACKING pc=0x000000000343b2f4 sp=0x000000002afcdff0
Event: 4653.206 Thread 0x000000002147c800 DEOPT UNPACKING pc=0x000000000284557b sp=0x000000002afcdef0 mode 2
Event: 4653.206 Thread 0x000000002147c800 Uncommon trap: trap_request=0xffffff65 fr.pc=0x0000000003153d3c
Event: 4653.206 Thread 0x000000002147c800 DEOPT PACKING pc=0x0000000003153d3c sp=0x000000002afce010
Event: 4653.206 Thread 0x000000002147c800 DEOPT UNPACKING pc=0x000000000284557b sp=0x000000002afcdf28 mode 2
Event: 4653.206 Thread 0x000000002147c800 Uncommon trap: trap_request=0xffffff65 fr.pc=0x000000000366df64
Event: 4653.206 Thread 0x000000002147c800 DEOPT PACKING pc=0x000000000366df64 sp=0x000000002afcdf80
Event: 4653.206 Thread 0x000000002147c800 DEOPT UNPACKING pc=0x000000000284557b sp=0x000000002afcdf10 mode 2


Dynamic libraries:
0x00007ff7038e0000 - 0x00007ff703911000 	C:\Program Files\Android\Android Studio\jre\bin\java.exe
0x00007ffa89b80000 - 0x00007ffa89d61000 	C:\WINDOWS\SYSTEM32\ntdll.dll
0x00007ffa89330000 - 0x00007ffa893e2000 	C:\WINDOWS\System32\KERNEL32.DLL
0x00007ffa86d90000 - 0x00007ffa87003000 	C:\WINDOWS\System32\KERNELBASE.dll
0x00007ffa895f0000 - 0x00007ffa89691000 	C:\WINDOWS\System32\ADVAPI32.dll
0x00007ffa89200000 - 0x00007ffa8929e000 	C:\WINDOWS\System32\msvcrt.dll
0x00007ffa89190000 - 0x00007ffa891eb000 	C:\WINDOWS\System32\sechost.dll
0x00007ffa874f0000 - 0x00007ffa87614000 	C:\WINDOWS\System32\RPCRT4.dll
0x00007ffa89460000 - 0x00007ffa895f0000 	C:\WINDOWS\System32\USER32.dll
0x00007ffa86270000 - 0x00007ffa86290000 	C:\WINDOWS\System32\win32u.dll
0x00007ffa87010000 - 0x00007ffa87038000 	C:\WINDOWS\System32\GDI32.dll
0x00007ffa86290000 - 0x00007ffa86422000 	C:\WINDOWS\System32\gdi32full.dll
0x00007ffa86580000 - 0x00007ffa8661f000 	C:\WINDOWS\System32\msvcp_win.dll
0x00007ffa86480000 - 0x00007ffa8657a000 	C:\WINDOWS\System32\ucrtbase.dll
0x00007ffa70d70000 - 0x00007ffa70fd9000 	C:\WINDOWS\WinSxS\amd64_microsoft.windows.common-controls_6595b64144ccf1df_6.0.17134.471_none_fb3e9aab3068fc16\COMCTL32.dll
0x00007ffa896a0000 - 0x00007ffa899c2000 	C:\WINDOWS\System32\combase.dll
0x00007ffa85f50000 - 0x00007ffa85fca000 	C:\WINDOWS\System32\bcryptPrimitives.dll
0x00007ffa89a30000 - 0x00007ffa89a5d000 	C:\WINDOWS\System32\IMM32.DLL
0x000000006b3c0000 - 0x000000006b492000 	C:\Program Files\Android\Android Studio\jre\jre\bin\msvcr100.dll
0x000000006b580000 - 0x000000006bdc1000 	C:\Program Files\Android\Android Studio\jre\jre\bin\server\jvm.dll
0x00007ffa891f0000 - 0x00007ffa891f8000 	C:\WINDOWS\System32\PSAPI.DLL
0x00007ffa7c970000 - 0x00007ffa7c993000 	C:\WINDOWS\SYSTEM32\WINMM.dll
0x00007ffa7c9a0000 - 0x00007ffa7c9aa000 	C:\WINDOWS\SYSTEM32\VERSION.dll
0x00007ffa7c940000 - 0x00007ffa7c96a000 	C:\WINDOWS\SYSTEM32\WINMMBASE.dll
0x00007ffa86430000 - 0x00007ffa86479000 	C:\WINDOWS\System32\cfgmgr32.dll
0x00007ffa7a590000 - 0x00007ffa7a599000 	C:\WINDOWS\SYSTEM32\WSOCK32.dll
0x00007ffa87960000 - 0x00007ffa879cc000 	C:\WINDOWS\System32\WS2_32.dll
0x00007ffa7d1b0000 - 0x00007ffa7d1bf000 	C:\Program Files\Android\Android Studio\jre\jre\bin\verify.dll
0x00007ffa715a0000 - 0x00007ffa715c9000 	C:\Program Files\Android\Android Studio\jre\jre\bin\java.dll
0x00007ffa75f70000 - 0x00007ffa75f86000 	C:\Program Files\Android\Android Studio\jre\jre\bin\zip.dll
0x00007ffa879d0000 - 0x00007ffa88e10000 	C:\WINDOWS\System32\SHELL32.dll
0x00007ffa87620000 - 0x00007ffa876c9000 	C:\WINDOWS\System32\shcore.dll
0x00007ffa86620000 - 0x00007ffa86d2d000 	C:\WINDOWS\System32\windows.storage.dll
0x00007ffa893f0000 - 0x00007ffa89441000 	C:\WINDOWS\System32\shlwapi.dll
0x00007ffa85f30000 - 0x00007ffa85f41000 	C:\WINDOWS\System32\kernel.appcore.dll
0x00007ffa85f10000 - 0x00007ffa85f2f000 	C:\WINDOWS\System32\profapi.dll
0x00007ffa85ea0000 - 0x00007ffa85eec000 	C:\WINDOWS\System32\powrprof.dll
0x00007ffa85e90000 - 0x00007ffa85e9a000 	C:\WINDOWS\System32\FLTLIB.DLL
0x00007ffa73810000 - 0x00007ffa7382a000 	C:\Program Files\Android\Android Studio\jre\jre\bin\net.dll
0x00007ffa856b0000 - 0x00007ffa85716000 	C:\WINDOWS\system32\mswsock.dll
0x00007ffa71580000 - 0x00007ffa71591000 	C:\Program Files\Android\Android Studio\jre\jre\bin\nio.dll
0x00007ffa80230000 - 0x00007ffa8024e000 	C:\Users\admin\.gradle\native\25\windows-amd64\native-platform.dll
0x00007ffa7d140000 - 0x00007ffa7d14d000 	C:\Program Files\Android\Android Studio\jre\jre\bin\management.dll
0x00007ffa85860000 - 0x00007ffa85877000 	C:\WINDOWS\SYSTEM32\CRYPTSP.dll
0x00007ffa85290000 - 0x00007ffa852c3000 	C:\WINDOWS\system32\rsaenh.dll
0x00007ffa85990000 - 0x00007ffa859b5000 	C:\WINDOWS\SYSTEM32\bcrypt.dll
0x00007ffa85d90000 - 0x00007ffa85db8000 	C:\WINDOWS\SYSTEM32\USERENV.dll
0x00007ffa85880000 - 0x00007ffa8588b000 	C:\WINDOWS\SYSTEM32\CRYPTBASE.dll
0x00007ffa85430000 - 0x00007ffa85468000 	C:\WINDOWS\SYSTEM32\IPHLPAPI.DLL
0x00007ffa89450000 - 0x00007ffa89458000 	C:\WINDOWS\System32\NSI.dll
0x00007ffa81c70000 - 0x00007ffa81c86000 	C:\WINDOWS\SYSTEM32\dhcpcsvc6.DLL
0x00007ffa81c50000 - 0x00007ffa81c6a000 	C:\WINDOWS\SYSTEM32\dhcpcsvc.DLL
0x00007ffa820f0000 - 0x00007ffa8217b000 	C:\WINDOWS\system32\apphelp.dll
0x00007ffa800e0000 - 0x00007ffa800fe000 	C:\Users\admin\AppData\Local\Temp\native-platform7466690778563819451dir\native-platform.dll

VM Arguments:
jvm_args: -Xmx1536m -Dfile.encoding=windows-1252 -Duser.country=US -Duser.language=en -Duser.variant 
java_command: org.gradle.launcher.daemon.bootstrap.GradleDaemon 4.6
java_class_path (initial): C:\Users\admin\.gradle\wrapper\dists\gradle-4.6-all\bcst21l2brirad8k2ben1letg\gradle-4.6\lib\gradle-launcher-4.6.jar
Launcher Type: SUN_STANDARD

Environment Variables:
PATH=C:\Program Files (x86)\Business Objects\Common\3.5\bin\NOTES\;C:\Program Files (x86)\Business Objects\Common\3.5\bin\NOTES\DATA\;C:\Program Files (x86)\Lenovo\FusionEngine;C:\WINDOWS\system32;C:\WINDOWS;C:\WINDOWS\System32\Wbem;C:\WINDOWS\System32\WindowsPowerShell\v1.0\;C:\Program Files (x86)\Common Files\lenovo\easyplussdk\bin;C:\Program Files\Intel\WiFi\bin\;C:\Program Files\Common Files\Intel\WirelessCommon\;C:\Program Files (x86)\CodeBlocks\MinGW\bin;C:\TDM-GCC-64\bin;C:\WINDOWS\System32\OpenSSH\;C:\Program Files\nodejs\;C:\Program Files\Java\jdk-10.0.2\bin;C:\Program Files\Java\jre-10.0.2\bin;C:\Users\admin\AppData\Local\Microsoft\WindowsApps;C:\Users\admin\AppData\Roaming\npm;C:\Users\admin\AppData\Local\Programs\Microsoft VS Code\bin;
USERNAME=admin
OS=Windows_NT
PROCESSOR_IDENTIFIER=Intel64 Family 6 Model 61 Stepping 4, GenuineIntel



---------------  S Y S T E M  ---------------

OS: Windows 10.0 , 64 bit Build 17134 (10.0.17134.1)

CPU:total 4 (initial active 4) (2 cores per cpu, 2 threads per core) family 6 model 61 stepping 4, cmov, cx8, fxsr, mmx, sse, sse2, sse3, ssse3, sse4.1, sse4.2, popcnt, avx, avx2, aes, clmul, erms, 3dnowpref, lzcnt, ht, tsc, tscinvbit, bmi1, bmi2, adx

Memory: 4k page, physical 4107344k(299832k free), swap 6155344k(3512k free)

vm_info: OpenJDK 64-Bit Server VM (25.152-b06) for windows-amd64 JRE (1.8.0_152-release-1136-b06), built by "builder" with MS VC++ 10.0 (VS2010)

time: Sun Dec 16 15:31:22 2018
elapsed time: 4653 seconds (0d 1h 17m 33s)

