#
# There is insufficient memory for the Java Runtime Environment to continue.
# Native memory allocation (malloc) failed to allocate 1118096 bytes for Chunk::new
# Possible reasons:
#   The system is out of physical RAM or swap space
#   In 32 bit mode, the process size limit was hit
# Possible solutions:
#   Reduce memory load on the system
#   Increase physical memory or swap space
#   Check if swap backing store is full
#   Use 64 bit Java on a 64 bit OS
#   Decrease Java heap size (-Xmx/-Xms)
#   Decrease number of Java threads
#   Decrease Java thread stack sizes (-Xss)
#   Set larger code cache with -XX:ReservedCodeCacheSize=
# This output file may be truncated or incomplete.
#
#  Out of Memory Error (allocation.cpp:390), pid=12168, tid=0x0000000000001eb0
#
# JRE version: OpenJDK Runtime Environment (8.0_152-b06) (build 1.8.0_152-release-1136-b06)
# Java VM: OpenJDK 64-Bit Server VM (25.152-b06 mixed mode windows-amd64 compressed oops)
# Failed to write core dump. Minidumps are not enabled by default on client versions of Windows
#

---------------  T H R E A D  ---------------

Current thread (0x000000001670d800):  JavaThread "C2 CompilerThread1" daemon [_thread_in_native, id=7856, stack(0x0000000017e50000,0x0000000017f50000)]

Stack: [0x0000000017e50000,0x0000000017f50000]
[error occurred during error reporting (printing stack bounds), id 0xc0000005]

Native frames: (J=compiled Java code, j=interpreted, Vv=VM code, C=native code)


Current CompileTask:
C2:   4297 1718       4       java.net.URLClassLoader$1::run (5 bytes)


---------------  P R O C E S S  ---------------

Java Threads: ( => current thread )
  0x000000001889e800 JavaThread "RMI RenewClean-[127.0.0.1:63560,org.jetbrains.kotlin.daemon.common.LoopbackNetworkInterface$ClientLoopbackSocketFactory@72e12d9d]" daemon [_thread_blocked, id=4020, stack(0x0000000019cd0000,0x0000000019dd0000)]
  0x0000000018874000 JavaThread "RMI TCP Connection(2)-127.0.0.1" daemon [_thread_in_vm, id=1808, stack(0x0000000019bd0000,0x0000000019cd0000)]
  0x0000000018870800 JavaThread "RMI Scheduler(0)" daemon [_thread_blocked, id=9956, stack(0x0000000019ad0000,0x0000000019bd0000)]
  0x0000000018875800 JavaThread "RMI TCP Connection(1)-127.0.0.1" daemon [_thread_in_native, id=11460, stack(0x00000000199d0000,0x0000000019ad0000)]
  0x0000000002ca2800 JavaThread "DestroyJavaVM" [_thread_blocked, id=5288, stack(0x0000000002ba0000,0x0000000002ca0000)]
  0x00000000187cf800 JavaThread "GC Daemon" daemon [_thread_blocked, id=11572, stack(0x0000000019590000,0x0000000019690000)]
  0x00000000187ce800 JavaThread "RMI Reaper" [_thread_blocked, id=11076, stack(0x0000000019490000,0x0000000019590000)]
  0x00000000187bc800 JavaThread "Timer-0" daemon [_thread_blocked, id=10340, stack(0x0000000019290000,0x0000000019390000)]
  0x00000000187b3000 JavaThread "RMI TCP Accept-17683" daemon [_thread_in_native, id=11708, stack(0x0000000019190000,0x0000000019290000)]
  0x0000000018078800 JavaThread "Service Thread" daemon [_thread_blocked, id=8788, stack(0x0000000018450000,0x0000000018550000)]
  0x0000000016710800 JavaThread "C1 CompilerThread2" daemon [_thread_blocked, id=1144, stack(0x0000000017f50000,0x0000000018050000)]
=>0x000000001670d800 JavaThread "C2 CompilerThread1" daemon [_thread_in_native, id=7856, stack(0x0000000017e50000,0x0000000017f50000)]
  0x0000000016719800 JavaThread "C2 CompilerThread0" daemon [_thread_blocked, id=9024, stack(0x0000000017d50000,0x0000000017e50000)]
  0x0000000016718800 JavaThread "Attach Listener" daemon [_thread_blocked, id=10556, stack(0x0000000017c50000,0x0000000017d50000)]
  0x0000000016717800 JavaThread "Signal Dispatcher" daemon [_thread_blocked, id=3900, stack(0x0000000017b50000,0x0000000017c50000)]
  0x00000000166fe000 JavaThread "Finalizer" daemon [_thread_blocked, id=6388, stack(0x0000000017960000,0x0000000017a60000)]
  0x0000000002d94800 JavaThread "Reference Handler" daemon [_thread_blocked, id=9920, stack(0x0000000017860000,0x0000000017960000)]

Other Threads:
  0x00000000166d6800 VMThread [stack: 0x0000000017760000,0x0000000017860000] [id=10824]
  0x0000000018079000 WatcherThread [stack: 0x0000000018550000,0x0000000018650000] [id=10848]

VM state:not at safepoint (normal execution)

VM Mutex/Monitor currently owned by a thread: None

Heap:
 PSYoungGen      total 35328K, used 19874K [0x00000000e0000000, 0x00000000e2500000, 0x0000000100000000)
  eden space 32768K, 60% used [0x00000000e0000000,0x00000000e1368930,0x00000000e2000000)
  from space 2560K, 0% used [0x00000000e2000000,0x00000000e2000000,0x00000000e2280000)
  to   space 2560K, 0% used [0x00000000e2280000,0x00000000e2280000,0x00000000e2500000)
 ParOldGen       total 43008K, used 11056K [0x00000000a0000000, 0x00000000a2a00000, 0x00000000e0000000)
  object space 43008K, 25% used [0x00000000a0000000,0x00000000a0acc170,0x00000000a2a00000)
 Metaspace       used 25089K, capacity 25449K, committed 25856K, reserved 1071104K
  class space    used 3190K, capacity 3291K, committed 3328K, reserved 1048576K

Card table byte_map: [0x0000000012160000,0x0000000012470000] byte_map_base: 0x0000000011c60000

Marking Bits: (ParMarkBitMap*) 0x000000006bd45aa0
 Begin Bits: [0x0000000012a70000, 0x0000000014270000)
 End Bits:   [0x0000000014270000, 0x0000000015a70000)

Polling page: 0x0000000000e90000

CodeCache: size=245760Kb used=5281Kb max_used=5281Kb free=240478Kb
 bounds [0x0000000002da0000, 0x00000000032d0000, 0x0000000011da0000]
 total_blobs=2206 nmethods=1762 adapters=357
 compilation: enabled

Compilation events (10 events):
Event: 4.276 Thread 0x0000000016710800 1756       3       java.lang.reflect.Modifier::isProtected (12 bytes)
Event: 4.277 Thread 0x0000000016710800 nmethod 1756 0x00000000032b56d0 code [0x00000000032b5820, 0x00000000032b59b0]
Event: 4.279 Thread 0x0000000016710800 1758       3       java.lang.invoke.MethodType::insertParameterTypes (106 bytes)
Event: 4.281 Thread 0x0000000016710800 nmethod 1758 0x00000000032c9250 code [0x00000000032c9500, 0x00000000032ca808]
Event: 4.281 Thread 0x0000000016710800 1757       3       java.lang.invoke.MethodType::basicType (8 bytes)
Event: 4.281 Thread 0x0000000016710800 nmethod 1757 0x00000000032b5250 code [0x00000000032b53a0, 0x00000000032b5590]
Event: 4.281 Thread 0x0000000016710800 1761       3       jdk.internal.org.objectweb.asm.Label::resolve (214 bytes)
Event: 4.282 Thread 0x0000000016710800 nmethod 1761 0x00000000032c5510 code [0x00000000032c56a0, 0x00000000032c5b70]
Event: 4.282 Thread 0x0000000016710800 1760       3       jdk.internal.org.objectweb.asm.ClassWriter::visitMethod (24 bytes)
Event: 4.282 Thread 0x0000000016710800 nmethod 1760 0x00000000032c5090 code [0x00000000032c5200, 0x00000000032c5448]

GC Heap History (10 events):
Event: 2.205 GC heap before
{Heap before GC invocations=3 (full 1):
 PSYoungGen      total 18944K, used 16384K [0x00000000e0000000, 0x00000000e1500000, 0x0000000100000000)
  eden space 16384K, 100% used [0x00000000e0000000,0x00000000e1000000,0x00000000e1000000)
  from space 2560K, 0% used [0x00000000e1000000,0x00000000e1000000,0x00000000e1280000)
  to   space 2560K, 0% used [0x00000000e1280000,0x00000000e1280000,0x00000000e1500000)
 ParOldGen       total 44032K, used 2676K [0x00000000a0000000, 0x00000000a2b00000, 0x00000000e0000000)
  object space 44032K, 6% used [0x00000000a0000000,0x00000000a029d008,0x00000000a2b00000)
 Metaspace       used 12057K, capacity 12312K, committed 12544K, reserved 1060864K
  class space    used 1349K, capacity 1438K, committed 1536K, reserved 1048576K
Event: 2.213 GC heap after
Heap after GC invocations=3 (full 1):
 PSYoungGen      total 18944K, used 2532K [0x00000000e0000000, 0x00000000e1500000, 0x0000000100000000)
  eden space 16384K, 0% used [0x00000000e0000000,0x00000000e0000000,0x00000000e1000000)
  from space 2560K, 98% used [0x00000000e1280000,0x00000000e14f9040,0x00000000e1500000)
  to   space 2560K, 0% used [0x00000000e1000000,0x00000000e1000000,0x00000000e1280000)
 ParOldGen       total 44032K, used 4246K [0x00000000a0000000, 0x00000000a2b00000, 0x00000000e0000000)
  object space 44032K, 9% used [0x00000000a0000000,0x00000000a0425a08,0x00000000a2b00000)
 Metaspace       used 12057K, capacity 12312K, committed 12544K, reserved 1060864K
  class space    used 1349K, capacity 1438K, committed 1536K, reserved 1048576K
}
Event: 2.648 GC heap before
{Heap before GC invocations=4 (full 1):
 PSYoungGen      total 18944K, used 18916K [0x00000000e0000000, 0x00000000e1500000, 0x0000000100000000)
  eden space 16384K, 100% used [0x00000000e0000000,0x00000000e1000000,0x00000000e1000000)
  from space 2560K, 98% used [0x00000000e1280000,0x00000000e14f9040,0x00000000e1500000)
  to   space 2560K, 0% used [0x00000000e1000000,0x00000000e1000000,0x00000000e1280000)
 ParOldGen       total 44032K, used 4246K [0x00000000a0000000, 0x00000000a2b00000, 0x00000000e0000000)
  object space 44032K, 9% used [0x00000000a0000000,0x00000000a0425a08,0x00000000a2b00000)
 Metaspace       used 14289K, capacity 14520K, committed 14592K, reserved 1062912K
  class space    used 1651K, capacity 1726K, committed 1792K, reserved 1048576K
Event: 2.657 GC heap after
Heap after GC invocations=4 (full 1):
 PSYoungGen      total 18944K, used 2545K [0x00000000e0000000, 0x00000000e2500000, 0x0000000100000000)
  eden space 16384K, 0% used [0x00000000e0000000,0x00000000e0000000,0x00000000e1000000)
  from space 2560K, 99% used [0x00000000e1000000,0x00000000e127c4f0,0x00000000e1280000)
  to   space 2560K, 0% used [0x00000000e2280000,0x00000000e2280000,0x00000000e2500000)
 ParOldGen       total 44032K, used 7206K [0x00000000a0000000, 0x00000000a2b00000, 0x00000000e0000000)
  object space 44032K, 16% used [0x00000000a0000000,0x00000000a0709858,0x00000000a2b00000)
 Metaspace       used 14289K, capacity 14520K, committed 14592K, reserved 1062912K
  class space    used 1651K, capacity 1726K, committed 1792K, reserved 1048576K
}
Event: 3.396 GC heap before
{Heap before GC invocations=5 (full 1):
 PSYoungGen      total 18944K, used 18929K [0x00000000e0000000, 0x00000000e2500000, 0x0000000100000000)
  eden space 16384K, 100% used [0x00000000e0000000,0x00000000e1000000,0x00000000e1000000)
  from space 2560K, 99% used [0x00000000e1000000,0x00000000e127c4f0,0x00000000e1280000)
  to   space 2560K, 0% used [0x00000000e2280000,0x00000000e2280000,0x00000000e2500000)
 ParOldGen       total 44032K, used 7206K [0x00000000a0000000, 0x00000000a2b00000, 0x00000000e0000000)
  object space 44032K, 16% used [0x00000000a0000000,0x00000000a0709858,0x00000000a2b00000)
 Metaspace       used 17938K, capacity 18241K, committed 18560K, reserved 1064960K
  class space    used 2090K, capacity 2159K, committed 2176K, reserved 1048576K
Event: 3.406 GC heap after
Heap after GC invocations=5 (full 1):
 PSYoungGen      total 35328K, used 2560K [0x00000000e0000000, 0x00000000e2500000, 0x0000000100000000)
  eden space 32768K, 0% used [0x00000000e0000000,0x00000000e0000000,0x00000000e2000000)
  from space 2560K, 100% used [0x00000000e2280000,0x00000000e2500000,0x00000000e2500000)
  to   space 2560K, 0% used [0x00000000e2000000,0x00000000e2000000,0x00000000e2280000)
 ParOldGen       total 44032K, used 11191K [0x00000000a0000000, 0x00000000a2b00000, 0x00000000e0000000)
  object space 44032K, 25% used [0x00000000a0000000,0x00000000a0aedf98,0x00000000a2b00000)
 Metaspace       used 17938K, capacity 18241K, committed 18560K, reserved 1064960K
  class space    used 2090K, capacity 2159K, committed 2176K, reserved 1048576K
}
Event: 3.700 GC heap before
{Heap before GC invocations=6 (full 1):
 PSYoungGen      total 35328K, used 16441K [0x00000000e0000000, 0x00000000e2500000, 0x0000000100000000)
  eden space 32768K, 42% used [0x00000000e0000000,0x00000000e0d8e490,0x00000000e2000000)
  from space 2560K, 100% used [0x00000000e2280000,0x00000000e2500000,0x00000000e2500000)
  to   space 2560K, 0% used [0x00000000e2000000,0x00000000e2000000,0x00000000e2280000)
 ParOldGen       total 44032K, used 11191K [0x00000000a0000000, 0x00000000a2b00000, 0x00000000e0000000)
  object space 44032K, 25% used [0x00000000a0000000,0x00000000a0aedf98,0x00000000a2b00000)
 Metaspace       used 20669K, capacity 20989K, committed 21296K, reserved 1069056K
  class space    used 2466K, capacity 2567K, committed 2688K, reserved 1048576K
Event: 3.708 GC heap after
Heap after GC invocations=6 (full 1):
 PSYoungGen      total 35328K, used 2544K [0x00000000e0000000, 0x00000000e2500000, 0x0000000100000000)
  eden space 32768K, 0% used [0x00000000e0000000,0x00000000e0000000,0x00000000e2000000)
  from space 2560K, 99% used [0x00000000e2000000,0x00000000e227c020,0x00000000e2280000)
  to   space 2560K, 0% used [0x00000000e2280000,0x00000000e2280000,0x00000000e2500000)
 ParOldGen       total 44032K, used 14236K [0x00000000a0000000, 0x00000000a2b00000, 0x00000000e0000000)
  object space 44032K, 32% used [0x00000000a0000000,0x00000000a0de73f8,0x00000000a2b00000)
 Metaspace       used 20669K, capacity 20989K, committed 21296K, reserved 1069056K
  class space    used 2466K, capacity 2567K, committed 2688K, reserved 1048576K
}
Event: 3.708 GC heap before
{Heap before GC invocations=7 (full 2):
 PSYoungGen      total 35328K, used 2544K [0x00000000e0000000, 0x00000000e2500000, 0x0000000100000000)
  eden space 32768K, 0% used [0x00000000e0000000,0x00000000e0000000,0x00000000e2000000)
  from space 2560K, 99% used [0x00000000e2000000,0x00000000e227c020,0x00000000e2280000)
  to   space 2560K, 0% used [0x00000000e2280000,0x00000000e2280000,0x00000000e2500000)
 ParOldGen       total 44032K, used 14236K [0x00000000a0000000, 0x00000000a2b00000, 0x00000000e0000000)
  object space 44032K, 32% used [0x00000000a0000000,0x00000000a0de73f8,0x00000000a2b00000)
 Metaspace       used 20669K, capacity 20989K, committed 21296K, reserved 1069056K
  class space    used 2466K, capacity 2567K, committed 2688K, reserved 1048576K
Event: 3.769 GC heap after
Heap after GC invocations=7 (full 2):
 PSYoungGen      total 35328K, used 0K [0x00000000e0000000, 0x00000000e2500000, 0x0000000100000000)
  eden space 32768K, 0% used [0x00000000e0000000,0x00000000e0000000,0x00000000e2000000)
  from space 2560K, 0% used [0x00000000e2000000,0x00000000e2000000,0x00000000e2280000)
  to   space 2560K, 0% used [0x00000000e2280000,0x00000000e2280000,0x00000000e2500000)
 ParOldGen       total 43008K, used 11056K [0x00000000a0000000, 0x00000000a2a00000, 0x00000000e0000000)
  object space 43008K, 25% used [0x00000000a0000000,0x00000000a0acc170,0x00000000a2a00000)
 Metaspace       used 20669K, capacity 20989K, committed 21296K, reserved 1069056K
  class space    used 2466K, capacity 2567K, committed 2688K, reserved 1048576K
}

Deoptimization events (10 events):
Event: 4.104 Thread 0x0000000018874000 Uncommon trap: reason=bimorphic action=maybe_recompile pc=0x00000000030795a0 method=java.io.FilterInputStream.read([B)I @ 5
Event: 4.104 Thread 0x0000000018874000 Uncommon trap: reason=bimorphic action=maybe_recompile pc=0x00000000030795a0 method=java.io.FilterInputStream.read([B)I @ 5
Event: 4.104 Thread 0x0000000018874000 Uncommon trap: reason=bimorphic action=maybe_recompile pc=0x00000000030795a0 method=java.io.FilterInputStream.read([B)I @ 5
Event: 4.104 Thread 0x0000000018874000 Uncommon trap: reason=class_check action=maybe_recompile pc=0x00000000031386c0 method=java.util.Collections$UnmodifiableCollection.size()I @ 4
Event: 4.104 Thread 0x0000000018874000 Uncommon trap: reason=class_check action=maybe_recompile pc=0x00000000031700ec method=java.util.Collections$UnmodifiableList.get(I)Ljava/lang/Object; @ 5
Event: 4.104 Thread 0x0000000018874000 Uncommon trap: reason=class_check action=maybe_recompile pc=0x00000000031700ec method=java.util.Collections$UnmodifiableList.get(I)Ljava/lang/Object; @ 5
Event: 4.106 Thread 0x0000000018874000 Uncommon trap: reason=unstable_if action=reinterpret pc=0x000000000301e270 method=java.lang.String.startsWith(Ljava/lang/String;I)Z @ 25
Event: 4.106 Thread 0x0000000018874000 Uncommon trap: reason=unstable_if action=reinterpret pc=0x0000000002f2c208 method=java.lang.String.startsWith(Ljava/lang/String;I)Z @ 25
Event: 4.204 Thread 0x0000000018874000 Uncommon trap: reason=unstable_if action=reinterpret pc=0x00000000032abbec method=java.util.jar.JarFile.maybeInstantiateVerifier()V @ 4
Event: 4.242 Thread 0x0000000018874000 Uncommon trap: reason=bimorphic action=maybe_recompile pc=0x00000000030795a0 method=java.io.FilterInputStream.read([B)I @ 5

Classes redefined (0 events):
No events

Internal exceptions (10 events):
Event: 3.303 Thread 0x0000000018874000 Exception <a 'sun/nio/fs/WindowsException'> (0x00000000e0f500b0) thrown at [D:\src\AOSP-openjdk-cygwin\jdk8u\hotspot\src\share\vm\prims\jni.cpp, line 709]
Event: 3.304 Thread 0x0000000018874000 Exception <a 'java/lang/reflect/InvocationTargetException'> (0x00000000e0f50c70) thrown at [D:\src\AOSP-openjdk-cygwin\jdk8u\hotspot\src\share\vm\runtime\reflection.cpp, line 1092]
Event: 3.341 Thread 0x0000000018874000 Exception <a 'sun/nio/fs/WindowsException'> (0x00000000e0f53e20) thrown at [D:\src\AOSP-openjdk-cygwin\jdk8u\hotspot\src\share\vm\prims\jni.cpp, line 709]
Event: 3.341 Thread 0x0000000018874000 Exception <a 'java/lang/reflect/InvocationTargetException'> (0x00000000e0f54a18) thrown at [D:\src\AOSP-openjdk-cygwin\jdk8u\hotspot\src\share\vm\runtime\reflection.cpp, line 1092]
Event: 3.341 Thread 0x0000000018874000 Exception <a 'java/io/FileNotFoundException'> (0x00000000e0f55440) thrown at [D:\src\AOSP-openjdk-cygwin\jdk8u\hotspot\src\share\vm\prims\jni.cpp, line 709]
Event: 3.341 Thread 0x0000000018874000 Exception <a 'java/io/FileNotFoundException'> (0x00000000e0f56a20) thrown at [D:\src\AOSP-openjdk-cygwin\jdk8u\hotspot\src\share\vm\prims\jni.cpp, line 709]
Event: 3.605 Thread 0x0000000018874000 Exception <a 'java/lang/NoSuchMethodError': java.lang.Object.lambda$comparing$77a9974f$1(Ljava/util/function/Function;Ljava/lang/Object;Ljava/lang/Object;)I> (0x00000000e0970270) thrown at [D:\src\AOSP-openjdk-cygwin\jdk8u\hotspot\src\share\vm\interpreter
Event: 3.829 Thread 0x0000000018874000 Exception <a 'java/lang/ArrayIndexOutOfBoundsException': 67> (0x00000000e026ffc8) thrown at [D:\src\AOSP-openjdk-cygwin\jdk8u\hotspot\src\share\vm\interpreter\interpreterRuntime.cpp, line 366]
Event: 4.043 Thread 0x0000000018874000 Exception <a 'java/lang/NoSuchMethodError': java.lang.Object.lambda$static$0(I)[Lorg/jetbrains/kotlin/com/intellij/openapi/editor/event/DocumentListener;> (0x00000000e0a9d268) thrown at [D:\src\AOSP-openjdk-cygwin\jdk8u\hotspot\src\share\vm\interpreter\li
Event: 4.086 Thread 0x0000000018874000 Exception <a 'java/lang/NoSuchMethodError': java.lang.Object.lambda$static$0(I)[Lorg/jetbrains/kotlin/com/intellij/psi/PsiAnnotation;> (0x00000000e0c83210) thrown at [D:\src\AOSP-openjdk-cygwin\jdk8u\hotspot\src\share\vm\interpreter\linkResolver.cpp, line

Events (10 events):
Event: 4.283 loading class java/util/stream/ReduceOps$Box done
Event: 4.283 loading class java/util/stream/ReduceOps$3ReducingSink done
Event: 4.283 loading class java/util/stream/ReferencePipeline$2$1
Event: 4.283 loading class java/util/stream/Sink$ChainedReference
Event: 4.283 loading class java/util/stream/Sink$ChainedReference done
Event: 4.283 loading class java/util/stream/ReferencePipeline$2$1 done
Event: 4.283 loading class org/jetbrains/kotlin/com/intellij/psi/PsiLock
Event: 4.283 loading class org/jetbrains/kotlin/com/intellij/psi/PsiLock done
Event: 4.284 loading class org/jetbrains/kotlin/com/intellij/psi/AbstractFileViewProvider$VirtualFileContent
Event: 4.284 loading class org/jetbrains/kotlin/com/intellij/psi/AbstractFileViewProvider$VirtualFileContent done


Dynamic libraries:
0x00007ff7004a0000 - 0x00007ff7004d1000 	C:\Program Files\Android\Android Studio\jre\jre\bin\java.exe
0x00007ffa89b80000 - 0x00007ffa89d61000 	C:\WINDOWS\SYSTEM32\ntdll.dll
0x00007ffa89330000 - 0x00007ffa893e2000 	C:\WINDOWS\System32\KERNEL32.DLL
0x00007ffa86d90000 - 0x00007ffa87003000 	C:\WINDOWS\System32\KERNELBASE.dll
0x00007ffa895f0000 - 0x00007ffa89691000 	C:\WINDOWS\System32\ADVAPI32.dll
0x00007ffa89200000 - 0x00007ffa8929e000 	C:\WINDOWS\System32\msvcrt.dll
0x00007ffa89190000 - 0x00007ffa891eb000 	C:\WINDOWS\System32\sechost.dll
0x00007ffa874f0000 - 0x00007ffa87614000 	C:\WINDOWS\System32\RPCRT4.dll
0x00007ffa89460000 - 0x00007ffa895f0000 	C:\WINDOWS\System32\USER32.dll
0x00007ffa86270000 - 0x00007ffa86290000 	C:\WINDOWS\System32\win32u.dll
0x00007ffa87010000 - 0x00007ffa87038000 	C:\WINDOWS\System32\GDI32.dll
0x00007ffa86290000 - 0x00007ffa86422000 	C:\WINDOWS\System32\gdi32full.dll
0x00007ffa86580000 - 0x00007ffa8661f000 	C:\WINDOWS\System32\msvcp_win.dll
0x00007ffa86480000 - 0x00007ffa8657a000 	C:\WINDOWS\System32\ucrtbase.dll
0x00007ffa70d70000 - 0x00007ffa70fd9000 	C:\WINDOWS\WinSxS\amd64_microsoft.windows.common-controls_6595b64144ccf1df_6.0.17134.471_none_fb3e9aab3068fc16\COMCTL32.dll
0x00007ffa896a0000 - 0x00007ffa899c2000 	C:\WINDOWS\System32\combase.dll
0x00007ffa85f50000 - 0x00007ffa85fca000 	C:\WINDOWS\System32\bcryptPrimitives.dll
0x00007ffa89a30000 - 0x00007ffa89a5d000 	C:\WINDOWS\System32\IMM32.DLL
0x000000006b3c0000 - 0x000000006b492000 	C:\Program Files\Android\Android Studio\jre\jre\bin\msvcr100.dll
0x000000006b580000 - 0x000000006bdc1000 	C:\Program Files\Android\Android Studio\jre\jre\bin\server\jvm.dll
0x00007ffa891f0000 - 0x00007ffa891f8000 	C:\WINDOWS\System32\PSAPI.DLL
0x00007ffa7a590000 - 0x00007ffa7a599000 	C:\WINDOWS\SYSTEM32\WSOCK32.dll
0x00007ffa7c9a0000 - 0x00007ffa7c9aa000 	C:\WINDOWS\SYSTEM32\VERSION.dll
0x00007ffa87960000 - 0x00007ffa879cc000 	C:\WINDOWS\System32\WS2_32.dll
0x00007ffa7c970000 - 0x00007ffa7c993000 	C:\WINDOWS\SYSTEM32\WINMM.dll
0x00007ffa7c940000 - 0x00007ffa7c96a000 	C:\WINDOWS\SYSTEM32\winmmbase.dll
0x00007ffa86430000 - 0x00007ffa86479000 	C:\WINDOWS\System32\cfgmgr32.dll
0x00007ffa83850000 - 0x00007ffa8385f000 	C:\Program Files\Android\Android Studio\jre\jre\bin\verify.dll
0x00007ffa73620000 - 0x00007ffa73649000 	C:\Program Files\Android\Android Studio\jre\jre\bin\java.dll
0x00007ffa83830000 - 0x00007ffa83846000 	C:\Program Files\Android\Android Studio\jre\jre\bin\zip.dll
0x00007ffa879d0000 - 0x00007ffa88e10000 	C:\WINDOWS\System32\SHELL32.dll
0x00007ffa87620000 - 0x00007ffa876c9000 	C:\WINDOWS\System32\shcore.dll
0x00007ffa86620000 - 0x00007ffa86d2d000 	C:\WINDOWS\System32\windows.storage.dll
0x00007ffa893f0000 - 0x00007ffa89441000 	C:\WINDOWS\System32\shlwapi.dll
0x00007ffa85f30000 - 0x00007ffa85f41000 	C:\WINDOWS\System32\kernel.appcore.dll
0x00007ffa85f10000 - 0x00007ffa85f2f000 	C:\WINDOWS\System32\profapi.dll
0x00007ffa85ea0000 - 0x00007ffa85eec000 	C:\WINDOWS\System32\powrprof.dll
0x00007ffa85e90000 - 0x00007ffa85e9a000 	C:\WINDOWS\System32\FLTLIB.DLL
0x00007ffa7f430000 - 0x00007ffa7f43d000 	C:\Program Files\Android\Android Studio\jre\jre\bin\management.dll
0x00007ffa79650000 - 0x00007ffa7966a000 	C:\Program Files\Android\Android Studio\jre\jre\bin\net.dll
0x00007ffa856b0000 - 0x00007ffa85716000 	C:\WINDOWS\system32\mswsock.dll
0x00007ffa735d0000 - 0x00007ffa735e1000 	C:\Program Files\Android\Android Studio\jre\jre\bin\nio.dll
0x00007ffa85860000 - 0x00007ffa85877000 	C:\WINDOWS\SYSTEM32\CRYPTSP.dll
0x00007ffa85290000 - 0x00007ffa852c3000 	C:\WINDOWS\system32\rsaenh.dll
0x00007ffa85990000 - 0x00007ffa859b5000 	C:\WINDOWS\SYSTEM32\bcrypt.dll
0x00007ffa85d90000 - 0x00007ffa85db8000 	C:\WINDOWS\SYSTEM32\USERENV.dll
0x00007ffa85880000 - 0x00007ffa8588b000 	C:\WINDOWS\SYSTEM32\CRYPTBASE.dll
0x00007ffa85430000 - 0x00007ffa85468000 	C:\WINDOWS\SYSTEM32\IPHLPAPI.DLL
0x00007ffa89450000 - 0x00007ffa89458000 	C:\WINDOWS\System32\NSI.dll
0x00007ffa81c70000 - 0x00007ffa81c86000 	C:\WINDOWS\SYSTEM32\dhcpcsvc6.DLL
0x00007ffa81c50000 - 0x00007ffa81c6a000 	C:\WINDOWS\SYSTEM32\dhcpcsvc.DLL

VM Arguments:
jvm_args: -Djava.awt.headless=true -Djava.rmi.server.hostname=127.0.0.1 -Xmx1536m -Dkotlin.environment.keepalive 
java_command: org.jetbrains.kotlin.daemon.KotlinCompileDaemon --daemon-runFilesPath C:\Users\admin\AppData\Local\kotlin\daemon --daemon-autoshutdownIdleSeconds=7200 --daemon-compilerClasspath C:\Users\admin\.gradle\caches\modules-2\files-2.1\org.jetbrains.kotlin\kotlin-compiler-embeddable\1.3.11\a8db6c14f8b8ed74aa11b8379f961587b639c571\kotlin-compiler-embeddable-1.3.11.jar;C:\Users\admin\.gradle\caches\modules-2\files-2.1\org.jetbrains.kotlin\kotlin-reflect\1.3.11\aae7b33412715e9ed441934c4ffaad1bb80e9d36\kotlin-reflect-1.3.11.jar;C:\Users\admin\.gradle\caches\modules-2\files-2.1\org.jetbrains.kotlin\kotlin-stdlib\1.3.11\4cbc5922a54376018307a731162ccaf3ef851a39\kotlin-stdlib-1.3.11.jar;C:\Users\admin\.gradle\caches\modules-2\files-2.1\org.jetbrains.kotlin\kotlin-script-runtime\1.3.11\1ef3a816aeacb9cd051b3ed37e2abf88910f1503\kotlin-script-runtime-1.3.11.jar;C:\Users\admin\.gradle\caches\modules-2\files-2.1\org.jetbrains.kotlin\kotlin-stdlib-common\1.3.11\d8b8e746e279f1c4f5e08bc14a96b82e6bb1de02\kotlin-stdlib-common-1.3.11.jar;C:\Users\admin\.gradle\caches\modules-2\files-2.1\org.jetbrains\annotations\13.0\919f0dfe192fb4e063e7dacadee7f8bb9a2672a9\annotations-13.0.jar;C:\Program Files\Android\Android Studio\jre\lib\tools.jar
java_class_path (initial): C:\Users\admin\.gradle\caches\modules-2\files-2.1\org.jetbrains.kotlin\kotlin-compiler-embeddable\1.3.11\a8db6c14f8b8ed74aa11b8379f961587b639c571\kotlin-compiler-embeddable-1.3.11.jar;C:\Users\admin\.gradle\caches\modules-2\files-2.1\org.jetbrains.kotlin\kotlin-reflect\1.3.11\aae7b33412715e9ed441934c4ffaad1bb80e9d36\kotlin-reflect-1.3.11.jar;C:\Users\admin\.gradle\caches\modules-2\files-2.1\org.jetbrains.kotlin\kotlin-stdlib\1.3.11\4cbc5922a54376018307a731162ccaf3ef851a39\kotlin-stdlib-1.3.11.jar;C:\Users\admin\.gradle\caches\modules-2\files-2.1\org.jetbrains.kotlin\kotlin-script-runtime\1.3.11\1ef3a816aeacb9cd051b3ed37e2abf88910f1503\kotlin-script-runtime-1.3.11.jar;C:\Users\admin\.gradle\caches\modules-2\files-2.1\org.jetbrains.kotlin\kotlin-stdlib-common\1.3.11\d8b8e746e279f1c4f5e08bc14a96b82e6bb1de02\kotlin-stdlib-common-1.3.11.jar;C:\Users\admin\.gradle\caches\modules-2\files-2.1\org.jetbrains\annotations\13.0\919f0dfe192fb4e063e7dacadee7f8bb9a2672a9\annotations-13.0.jar;C:\Program Files\Android\Android Studio\jre\lib\tools.jar
Launcher Type: SUN_STANDARD

Environment Variables:
PATH=C:\Program Files (x86)\Business Objects\Common\3.5\bin\NOTES\;C:\Program Files (x86)\Business Objects\Common\3.5\bin\NOTES\DATA\;C:\Program Files (x86)\Lenovo\FusionEngine;C:\WINDOWS\system32;C:\WINDOWS;C:\WINDOWS\System32\Wbem;C:\WINDOWS\System32\WindowsPowerShell\v1.0\;C:\Program Files (x86)\Common Files\lenovo\easyplussdk\bin;C:\Program Files\Intel\WiFi\bin\;C:\Program Files\Common Files\Intel\WirelessCommon\;C:\Program Files (x86)\CodeBlocks\MinGW\bin;C:\TDM-GCC-64\bin;C:\WINDOWS\System32\OpenSSH\;C:\Program Files\nodejs\;C:\Program Files\Java\jdk-10.0.2\bin;C:\Program Files\Java\jre-10.0.2\bin;C:\Users\admin\AppData\Local\Microsoft\WindowsApps;C:\Users\admin\AppData\Roaming\npm;C:\Users\admin\AppData\Local\Programs\Microsoft VS Code\bin;
USERNAME=admin
OS=Windows_NT
PROCESSOR_IDENTIFIER=Intel64 Family 6 Model 61 Stepping 4, GenuineIntel



---------------  S Y S T E M  ---------------

OS: Windows 10.0 , 64 bit Build 17134 (10.0.17134.1)

CPU:total 4 (initial active 4) (2 cores per cpu, 2 threads per core) family 6 model 61 stepping 4, cmov, cx8, fxsr, mmx, sse, sse2, sse3, ssse3, sse4.1, sse4.2, popcnt, avx, avx2, aes, clmul, erms, 3dnowpref, lzcnt, ht, tsc, tscinvbit, bmi1, bmi2, adx

Memory: 4k page, physical 4107344k(375500k free), swap 6155344k(5616k free)

vm_info: OpenJDK 64-Bit Server VM (25.152-b06) for windows-amd64 JRE (1.8.0_152-release-1136-b06), built by "builder" with MS VC++ 10.0 (VS2010)

time: Mon Dec 17 21:20:18 2018
elapsed time: 4 seconds (0d 0h 0m 4s)

