#
# There is insufficient memory for the Java Runtime Environment to continue.
# Native memory allocation (malloc) failed to allocate 804976 bytes for Chunk::new
# Possible reasons:
#   The system is out of physical RAM or swap space
#   In 32 bit mode, the process size limit was hit
# Possible solutions:
#   Reduce memory load on the system
#   Increase physical memory or swap space
#   Check if swap backing store is full
#   Use 64 bit Java on a 64 bit OS
#   Decrease Java heap size (-Xmx/-Xms)
#   Decrease number of Java threads
#   Decrease Java thread stack sizes (-Xss)
#   Set larger code cache with -XX:ReservedCodeCacheSize=
# This output file may be truncated or incomplete.
#
#  Out of Memory Error (allocation.cpp:390), pid=756, tid=0x0000000000002314
#
# JRE version: OpenJDK Runtime Environment (8.0_152-b06) (build 1.8.0_152-release-1136-b06)
# Java VM: OpenJDK 64-Bit Server VM (25.152-b06 mixed mode windows-amd64 compressed oops)
# Failed to write core dump. Minidumps are not enabled by default on client versions of Windows
#

---------------  T H R E A D  ---------------

Current thread (0x00000000160ce000):  JavaThread "C2 CompilerThread0" daemon [_thread_in_native, id=8980, stack(0x0000000017730000,0x0000000017830000)]

Stack: [0x0000000017730000,0x0000000017830000]
[error occurred during error reporting (printing stack bounds), id 0xc0000005]

Native frames: (J=compiled Java code, j=interpreted, Vv=VM code, C=native code)


Current CompileTask:
C2:3795526 13349   !   4       org.jetbrains.kotlin.metadata.ProtoBuf$Class::<init> (1949 bytes)


---------------  P R O C E S S  ---------------

Java Threads: ( => current thread )
  0x0000000018329000 JavaThread "RMI RenewClean-[127.0.0.1:58174,org.jetbrains.kotlin.daemon.common.LoopbackNetworkInterface$ClientLoopbackSocketFactory@7226cc5d]" daemon [_thread_blocked, id=4908, stack(0x0000000021150000,0x0000000021250000)]
  0x0000000018328800 JavaThread "RMI TCP Connection(16)-127.0.0.1" daemon [_thread_in_Java, id=11432, stack(0x0000000021050000,0x0000000021150000)]
  0x000000001832b000 JavaThread "RMI TCP Connection(15)-127.0.0.1" daemon [_thread_in_native, id=6252, stack(0x0000000020f50000,0x0000000021050000)]
  0x0000000018321800 JavaThread "RMI RenewClean-[127.0.0.1:58174,org.jetbrains.kotlin.daemon.common.LoopbackNetworkInterface$ClientLoopbackSocketFactory@41b16a19]" daemon [_thread_blocked, id=4520, stack(0x0000000020950000,0x0000000020a50000)]
  0x0000000018324000 JavaThread "RMI RenewClean-[127.0.0.1:58174,org.jetbrains.kotlin.daemon.common.LoopbackNetworkInterface$ClientLoopbackSocketFactory@3820f6d6]" daemon [_thread_blocked, id=2312, stack(0x0000000020650000,0x0000000020750000)]
  0x0000000017e15800 JavaThread "RMI RenewClean-[127.0.0.1:58174,org.jetbrains.kotlin.daemon.common.LoopbackNetworkInterface$ClientLoopbackSocketFactory@215b0181]" daemon [_thread_blocked, id=11508, stack(0x00000000196b0000,0x00000000197b0000)]
  0x00000000182d7000 JavaThread "RMI Scheduler(0)" daemon [_thread_blocked, id=2392, stack(0x00000000194b0000,0x00000000195b0000)]
  0x0000000002662800 JavaThread "DestroyJavaVM" [_thread_blocked, id=4008, stack(0x00000000024f0000,0x00000000025f0000)]
  0x0000000018286800 JavaThread "GC Daemon" daemon [_thread_blocked, id=5896, stack(0x0000000018f70000,0x0000000019070000)]
  0x000000001826c000 JavaThread "RMI Reaper" [_thread_blocked, id=5408, stack(0x0000000018e70000,0x0000000018f70000)]
  0x0000000018162000 JavaThread "Timer-0" daemon [_thread_blocked, id=10704, stack(0x0000000018c70000,0x0000000018d70000)]
  0x0000000018161000 JavaThread "RMI TCP Accept-17968" daemon [_thread_in_native, id=9900, stack(0x0000000018b70000,0x0000000018c70000)]
  0x0000000016123000 JavaThread "Service Thread" daemon [_thread_blocked, id=10192, stack(0x0000000017a30000,0x0000000017b30000)]
  0x00000000160da800 JavaThread "C1 CompilerThread2" daemon [_thread_blocked, id=8836, stack(0x0000000017930000,0x0000000017a30000)]
  0x00000000160d2800 JavaThread "C2 CompilerThread1" daemon [_thread_in_native, id=3380, stack(0x0000000017830000,0x0000000017930000)]
=>0x00000000160ce000 JavaThread "C2 CompilerThread0" daemon [_thread_in_native, id=8980, stack(0x0000000017730000,0x0000000017830000)]
  0x00000000160cd000 JavaThread "Attach Listener" daemon [_thread_blocked, id=10444, stack(0x0000000017630000,0x0000000017730000)]
  0x00000000160ca000 JavaThread "Signal Dispatcher" daemon [_thread_blocked, id=10756, stack(0x0000000017530000,0x0000000017630000)]
  0x00000000160b8800 JavaThread "Finalizer" daemon [_thread_blocked, id=8848, stack(0x0000000017340000,0x0000000017440000)]
  0x0000000002752800 JavaThread "Reference Handler" daemon [_thread_blocked, id=10112, stack(0x0000000017240000,0x0000000017340000)]

Other Threads:
  0x0000000016095000 VMThread [stack: 0x0000000017140000,0x0000000017240000] [id=8332]
  0x0000000016125000 WatcherThread [stack: 0x0000000017b30000,0x0000000017c30000] [id=11588]

VM state:not at safepoint (normal execution)

VM Mutex/Monitor currently owned by a thread: None

Heap:
 PSYoungGen      total 219648K, used 16814K [0x00000000e0000000, 0x00000000f2c00000, 0x0000000100000000)
  eden space 191488K, 5% used [0x00000000e0000000,0x00000000e0ad8630,0x00000000ebb00000)
  from space 28160K, 20% used [0x00000000ebb00000,0x00000000ec093458,0x00000000ed680000)
  to   space 27136K, 0% used [0x00000000f1180000,0x00000000f1180000,0x00000000f2c00000)
 ParOldGen       total 84992K, used 38603K [0x00000000a0000000, 0x00000000a5300000, 0x00000000e0000000)
  object space 84992K, 45% used [0x00000000a0000000,0x00000000a25b2db8,0x00000000a5300000)
 Metaspace       used 61826K, capacity 63110K, committed 63400K, reserved 1105920K
  class space    used 7167K, capacity 7526K, committed 7592K, reserved 1048576K

Card table byte_map: [0x0000000011b20000,0x0000000011e30000] byte_map_base: 0x0000000011620000

Marking Bits: (ParMarkBitMap*) 0x000000006c335aa0
 Begin Bits: [0x0000000012430000, 0x0000000013c30000)
 End Bits:   [0x0000000013c30000, 0x0000000015430000)

Polling page: 0x0000000000760000

CodeCache: size=245760Kb used=39366Kb max_used=39366Kb free=206393Kb
 bounds [0x0000000002760000, 0x0000000004e00000, 0x0000000011760000]
 total_blobs=11768 nmethods=11225 adapters=453
 compilation: enabled

Compilation events (10 events):
Event: 3794.052 Thread 0x00000000160da800 13369       3       org.jetbrains.kotlin.parsing.AbstractKotlinParsing::error (11 bytes)
Event: 3794.052 Thread 0x00000000160da800 nmethod 13369 0x00000000033e3ed0 code [0x00000000033e4040, 0x00000000033e4268]
Event: 3794.052 Thread 0x00000000160da800 13370       3       org.jetbrains.kotlin.parsing.KotlinExpressionParsing::parseStringTemplate (111 bytes)
Event: 3794.054 Thread 0x00000000160da800 nmethod 13370 0x0000000004defa90 code [0x0000000004defd60, 0x0000000004df1318]
Event: 3794.055 Thread 0x00000000160da800 13372 %     3       org.jetbrains.kotlin.com.intellij.psi.tree.TokenSet::orSet @ 139 (194 bytes)
Event: 3794.056 Thread 0x00000000160da800 nmethod 13372% 0x00000000033e2fd0 code [0x00000000033e31c0, 0x00000000033e3908]
Event: 3794.056 Thread 0x00000000160da800 13371       3       org.jetbrains.kotlin.parsing.KotlinExpressionParsing::parseSelectorCallExpression (48 bytes)
Event: 3794.057 Thread 0x00000000160da800 nmethod 13371 0x00000000033e2250 code [0x00000000033e2440, 0x00000000033e2bb8]
Event: 3794.057 Thread 0x00000000160da800 13373       3       org.jetbrains.kotlin.parsing.SemanticWhitespaceAwarePsiBuilderImpl::restoreNewlinesState (34 bytes)
Event: 3794.058 Thread 0x00000000160da800 nmethod 13373 0x0000000004def350 code [0x0000000004def4e0, 0x0000000004def8f8]

GC Heap History (10 events):
Event: 34.886 GC heap before
{Heap before GC invocations=15 (full 3):
 PSYoungGen      total 133632K, used 46106K [0x00000000e0000000, 0x00000000eba80000, 0x0000000100000000)
  eden space 111616K, 21% used [0x00000000e0000000,0x00000000e17cd288,0x00000000e6d00000)
  from space 22016K, 98% used [0x00000000e6d00000,0x00000000e82396f8,0x00000000e8280000)
  to   space 25088K, 0% used [0x00000000ea200000,0x00000000ea200000,0x00000000eba80000)
 ParOldGen       total 53248K, used 33620K [0x00000000a0000000, 0x00000000a3400000, 0x00000000e0000000)
  object space 53248K, 63% used [0x00000000a0000000,0x00000000a20d52c8,0x00000000a3400000)
 Metaspace       used 57739K, capacity 58876K, committed 59160K, reserved 1101824K
  class space    used 6956K, capacity 7253K, committed 7336K, reserved 1048576K
Event: 34.951 GC heap after
Heap after GC invocations=15 (full 3):
 PSYoungGen      total 165376K, used 644K [0x00000000e0000000, 0x00000000ed300000, 0x0000000100000000)
  eden space 140288K, 0% used [0x00000000e0000000,0x00000000e0000000,0x00000000e8900000)
  from space 25088K, 2% used [0x00000000ea200000,0x00000000ea2a10e0,0x00000000eba80000)
  to   space 25600K, 0% used [0x00000000e8900000,0x00000000e8900000,0x00000000ea200000)
 ParOldGen       total 53248K, used 47611K [0x00000000a0000000, 0x00000000a3400000, 0x00000000e0000000)
  object space 53248K, 89% used [0x00000000a0000000,0x00000000a2e7eeb0,0x00000000a3400000)
 Metaspace       used 57739K, capacity 58876K, committed 59160K, reserved 1101824K
  class space    used 6956K, capacity 7253K, committed 7336K, reserved 1048576K
}
Event: 34.951 GC heap before
{Heap before GC invocations=16 (full 4):
 PSYoungGen      total 165376K, used 644K [0x00000000e0000000, 0x00000000ed300000, 0x0000000100000000)
  eden space 140288K, 0% used [0x00000000e0000000,0x00000000e0000000,0x00000000e8900000)
  from space 25088K, 2% used [0x00000000ea200000,0x00000000ea2a10e0,0x00000000eba80000)
  to   space 25600K, 0% used [0x00000000e8900000,0x00000000e8900000,0x00000000ea200000)
 ParOldGen       total 53248K, used 47611K [0x00000000a0000000, 0x00000000a3400000, 0x00000000e0000000)
  object space 53248K, 89% used [0x00000000a0000000,0x00000000a2e7eeb0,0x00000000a3400000)
 Metaspace       used 57739K, capacity 58876K, committed 59160K, reserved 1101824K
  class space    used 6956K, capacity 7253K, committed 7336K, reserved 1048576K
Event: 35.266 GC heap after
Heap after GC invocations=16 (full 4):
 PSYoungGen      total 165376K, used 0K [0x00000000e0000000, 0x00000000ed300000, 0x0000000100000000)
  eden space 140288K, 0% used [0x00000000e0000000,0x00000000e0000000,0x00000000e8900000)
  from space 25088K, 0% used [0x00000000ea200000,0x00000000ea200000,0x00000000eba80000)
  to   space 25600K, 0% used [0x00000000e8900000,0x00000000e8900000,0x00000000ea200000)
 ParOldGen       total 84992K, used 37210K [0x00000000a0000000, 0x00000000a5300000, 0x00000000e0000000)
  object space 84992K, 43% used [0x00000000a0000000,0x00000000a2456b78,0x00000000a5300000)
 Metaspace       used 57739K, capacity 58876K, committed 59160K, reserved 1101824K
  class space    used 6956K, capacity 7253K, committed 7336K, reserved 1048576K
}
Event: 588.105 GC heap before
{Heap before GC invocations=17 (full 4):
 PSYoungGen      total 165376K, used 140288K [0x00000000e0000000, 0x00000000ed300000, 0x0000000100000000)
  eden space 140288K, 100% used [0x00000000e0000000,0x00000000e8900000,0x00000000e8900000)
  from space 25088K, 0% used [0x00000000ea200000,0x00000000ea200000,0x00000000eba80000)
  to   space 25600K, 0% used [0x00000000e8900000,0x00000000e8900000,0x00000000ea200000)
 ParOldGen       total 84992K, used 37210K [0x00000000a0000000, 0x00000000a5300000, 0x00000000e0000000)
  object space 84992K, 43% used [0x00000000a0000000,0x00000000a2456b78,0x00000000a5300000)
 Metaspace       used 59539K, capacity 60736K, committed 60968K, reserved 1103872K
  class space    used 7070K, capacity 7369K, committed 7464K, reserved 1048576K
Event: 588.296 GC heap after
Heap after GC invocations=17 (full 4):
 PSYoungGen      total 165888K, used 24146K [0x00000000e0000000, 0x00000000ef980000, 0x0000000100000000)
  eden space 140288K, 0% used [0x00000000e0000000,0x00000000e0000000,0x00000000e8900000)
  from space 25600K, 94% used [0x00000000e8900000,0x00000000ea0949a0,0x00000000ea200000)
  to   space 29184K, 0% used [0x00000000edd00000,0x00000000edd00000,0x00000000ef980000)
 ParOldGen       total 84992K, used 37218K [0x00000000a0000000, 0x00000000a5300000, 0x00000000e0000000)
  object space 84992K, 43% used [0x00000000a0000000,0x00000000a2458b78,0x00000000a5300000)
 Metaspace       used 59539K, capacity 60736K, committed 60968K, reserved 1103872K
  class space    used 7070K, capacity 7369K, committed 7464K, reserved 1048576K
}
Event: 729.822 GC heap before
{Heap before GC invocations=18 (full 4):
 PSYoungGen      total 165888K, used 164434K [0x00000000e0000000, 0x00000000ef980000, 0x0000000100000000)
  eden space 140288K, 100% used [0x00000000e0000000,0x00000000e8900000,0x00000000e8900000)
  from space 25600K, 94% used [0x00000000e8900000,0x00000000ea0949a0,0x00000000ea200000)
  to   space 29184K, 0% used [0x00000000edd00000,0x00000000edd00000,0x00000000ef980000)
 ParOldGen       total 84992K, used 37218K [0x00000000a0000000, 0x00000000a5300000, 0x00000000e0000000)
  object space 84992K, 43% used [0x00000000a0000000,0x00000000a2458b78,0x00000000a5300000)
 Metaspace       used 60755K, capacity 62074K, committed 62248K, reserved 1103872K
  class space    used 7119K, capacity 7446K, committed 7464K, reserved 1048576K
Event: 729.887 GC heap after
Heap after GC invocations=18 (full 4):
 PSYoungGen      total 212992K, used 8860K [0x00000000e0000000, 0x00000000ef200000, 0x0000000100000000)
  eden space 191488K, 0% used [0x00000000e0000000,0x00000000e0000000,0x00000000ebb00000)
  from space 21504K, 41% used [0x00000000edd00000,0x00000000ee5a7190,0x00000000ef200000)
  to   space 28160K, 0% used [0x00000000ebb00000,0x00000000ebb00000,0x00000000ed680000)
 ParOldGen       total 84992K, used 38291K [0x00000000a0000000, 0x00000000a5300000, 0x00000000e0000000)
  object space 84992K, 45% used [0x00000000a0000000,0x00000000a2564d58,0x00000000a5300000)
 Metaspace       used 60755K, capacity 62074K, committed 62248K, reserved 1103872K
  class space    used 7119K, capacity 7446K, committed 7464K, reserved 1048576K
}
Event: 3793.754 GC heap before
{Heap before GC invocations=19 (full 4):
 PSYoungGen      total 212992K, used 200348K [0x00000000e0000000, 0x00000000ef200000, 0x0000000100000000)
  eden space 191488K, 100% used [0x00000000e0000000,0x00000000ebb00000,0x00000000ebb00000)
  from space 21504K, 41% used [0x00000000edd00000,0x00000000ee5a7190,0x00000000ef200000)
  to   space 28160K, 0% used [0x00000000ebb00000,0x00000000ebb00000,0x00000000ed680000)
 ParOldGen       total 84992K, used 38291K [0x00000000a0000000, 0x00000000a5300000, 0x00000000e0000000)
  object space 84992K, 45% used [0x00000000a0000000,0x00000000a2564d58,0x00000000a5300000)
 Metaspace       used 61680K, capacity 63046K, committed 63400K, reserved 1105920K
  class space    used 7151K, capacity 7526K, committed 7592K, reserved 1048576K
Event: 3793.877 GC heap after
Heap after GC invocations=19 (full 4):
 PSYoungGen      total 219648K, used 5709K [0x00000000e0000000, 0x00000000f2c00000, 0x0000000100000000)
  eden space 191488K, 0% used [0x00000000e0000000,0x00000000e0000000,0x00000000ebb00000)
  from space 28160K, 20% used [0x00000000ebb00000,0x00000000ec093458,0x00000000ed680000)
  to   space 27136K, 0% used [0x00000000f1180000,0x00000000f1180000,0x00000000f2c00000)
 ParOldGen       total 84992K, used 38603K [0x00000000a0000000, 0x00000000a5300000, 0x00000000e0000000)
  object space 84992K, 45% used [0x00000000a0000000,0x00000000a25b2db8,0x00000000a5300000)
 Metaspace       used 61680K, capacity 63046K, committed 63400K, reserved 1105920K
  class space    used 7151K, capacity 7526K, committed 7592K, reserved 1048576K
}

Deoptimization events (10 events):
Event: 734.755 Thread 0x0000000018326000 Uncommon trap: reason=class_check action=maybe_recompile pc=0x0000000004cb7bac method=org.jetbrains.kotlin.load.java.SpecialBuiltinMembers.getOverriddenBuiltinThatAffectsJvmName(Lorg/jetbrains/kotlin/descriptors/CallableMemberDescriptor;)Lorg/jetbrains/ko
Event: 735.469 Thread 0x0000000018326000 Uncommon trap: reason=bimorphic action=maybe_recompile pc=0x0000000002f0ec94 method=org.jetbrains.kotlin.protobuf.CodedOutputStream.refreshBuffer()V @ 28
Event: 757.804 Thread 0x0000000018326000 Uncommon trap: reason=class_check action=maybe_recompile pc=0x0000000002fbf520 method=java.lang.reflect.Array.newInstance(Ljava/lang/Class;I)Ljava/lang/Object; @ 2
Event: 873.488 Thread 0x0000000018324000 Uncommon trap: reason=class_check action=maybe_recompile pc=0x0000000002fbf520 method=java.lang.reflect.Array.newInstance(Ljava/lang/Class;I)Ljava/lang/Object; @ 2
Event: 906.710 Thread 0x0000000018326000 Uncommon trap: reason=class_check action=maybe_recompile pc=0x0000000002fbf520 method=java.lang.reflect.Array.newInstance(Ljava/lang/Class;I)Ljava/lang/Object; @ 2
Event: 908.252 Thread 0x0000000017e15800 Uncommon trap: reason=class_check action=maybe_recompile pc=0x0000000002fbf520 method=java.lang.reflect.Array.newInstance(Ljava/lang/Class;I)Ljava/lang/Object; @ 2
Event: 3788.394 Thread 0x0000000018328800 Uncommon trap: reason=speculate_class_check action=maybe_recompile pc=0x00000000033eb6e8 method=java.util.ArrayList.<init>(Ljava/util/Collection;)V @ 36
Event: 3788.396 Thread 0x0000000018328800 Uncommon trap: reason=bimorphic action=maybe_recompile pc=0x0000000002c42d1c method=kotlin.collections.CollectionsKt__MutableCollectionsKt.addAll(Ljava/util/Collection;Ljava/lang/Iterable;)Z @ 35
Event: 3788.501 Thread 0x0000000018328800 Uncommon trap: reason=bimorphic action=maybe_recompile pc=0x00000000028ee5e0 method=java.nio.charset.CharsetDecoder.replaceWith(Ljava/lang/String;)Ljava/nio/charset/CharsetDecoder; @ 63
Event: 3789.451 Thread 0x0000000018328800 Uncommon trap: reason=range_check action=make_not_entrant pc=0x0000000004da23f8 method=java.lang.String.charAt(I)C @ 27

Classes redefined (0 events):
No events

Internal exceptions (10 events):
Event: 721.262 Thread 0x0000000018326000 Exception <a 'sun/nio/fs/WindowsException'> (0x00000000e6949ec8) thrown at [D:\src\AOSP-openjdk-cygwin\jdk8u\hotspot\src\share\vm\prims\jni.cpp, line 709]
Event: 721.274 Thread 0x0000000018326000 Exception <a 'sun/nio/fs/WindowsException'> (0x00000000e694d8c0) thrown at [D:\src\AOSP-openjdk-cygwin\jdk8u\hotspot\src\share\vm\prims\jni.cpp, line 709]
Event: 721.274 Thread 0x0000000018326000 Exception <a 'java/io/FileNotFoundException'> (0x00000000e694eb10) thrown at [D:\src\AOSP-openjdk-cygwin\jdk8u\hotspot\src\share\vm\prims\jni.cpp, line 709]
Event: 721.275 Thread 0x0000000018326000 Exception <a 'java/io/FileNotFoundException'> (0x00000000e69500f0) thrown at [D:\src\AOSP-openjdk-cygwin\jdk8u\hotspot\src\share\vm\prims\jni.cpp, line 709]
Event: 3788.334 Thread 0x0000000018329000 Exception <a 'java/lang/InterruptedException'> (0x00000000ead9a3c0) thrown at [D:\src\AOSP-openjdk-cygwin\jdk8u\hotspot\src\share\vm\runtime\objectMonitor.cpp, line 1684]
Event: 3789.231 Thread 0x0000000018328800 Exception <a 'java/io/FileNotFoundException'> (0x00000000eafc1938) thrown at [D:\src\AOSP-openjdk-cygwin\jdk8u\hotspot\src\share\vm\prims\jni.cpp, line 709]
Event: 3789.237 Thread 0x0000000018328800 Exception <a 'sun/nio/fs/WindowsException'> (0x00000000eafc2e10) thrown at [D:\src\AOSP-openjdk-cygwin\jdk8u\hotspot\src\share\vm\prims\jni.cpp, line 709]
Event: 3789.249 Thread 0x0000000018328800 Exception <a 'sun/nio/fs/WindowsException'> (0x00000000eafc6808) thrown at [D:\src\AOSP-openjdk-cygwin\jdk8u\hotspot\src\share\vm\prims\jni.cpp, line 709]
Event: 3789.249 Thread 0x0000000018328800 Exception <a 'java/io/FileNotFoundException'> (0x00000000eafc7a58) thrown at [D:\src\AOSP-openjdk-cygwin\jdk8u\hotspot\src\share\vm\prims\jni.cpp, line 709]
Event: 3789.249 Thread 0x0000000018328800 Exception <a 'java/io/FileNotFoundException'> (0x00000000eafc9038) thrown at [D:\src\AOSP-openjdk-cygwin\jdk8u\hotspot\src\share\vm\prims\jni.cpp, line 709]

Events (10 events):
Event: 3794.005 loading class org/jetbrains/kotlin/resolve/calls/checkers/CallCheckerContext
Event: 3794.005 loading class org/jetbrains/kotlin/resolve/calls/checkers/CallCheckerContext done
Event: 3794.007 loading class kotlin/Metadata
Event: 3794.007 loading class kotlin/Metadata done
Event: 3794.008 loading class org/jetbrains/kotlin/psi/KtDeclaration
Event: 3794.008 loading class org/jetbrains/kotlin/psi/KtDeclaration done
Event: 3794.008 loading class org/jetbrains/kotlin/descriptors/DeclarationDescriptor
Event: 3794.008 loading class org/jetbrains/kotlin/descriptors/DeclarationDescriptor done
Event: 3794.009 loading class org/jetbrains/kotlin/resolve/checkers/DeclarationCheckerContext
Event: 3794.009 loading class org/jetbrains/kotlin/resolve/checkers/DeclarationCheckerContext done


Dynamic libraries:
0x00007ff61a760000 - 0x00007ff61a791000 	C:\Program Files\Android\Android Studio\jre\jre\bin\java.exe
0x00007ffe7c2e0000 - 0x00007ffe7c4c1000 	C:\WINDOWS\SYSTEM32\ntdll.dll
0x00007ffe7a020000 - 0x00007ffe7a0d2000 	C:\WINDOWS\System32\KERNEL32.DLL
0x00007ffe78720000 - 0x00007ffe78993000 	C:\WINDOWS\System32\KERNELBASE.dll
0x00007ffe7c200000 - 0x00007ffe7c2a1000 	C:\WINDOWS\System32\ADVAPI32.dll
0x00007ffe7a400000 - 0x00007ffe7a49e000 	C:\WINDOWS\System32\msvcrt.dll
0x00007ffe7be40000 - 0x00007ffe7be9b000 	C:\WINDOWS\System32\sechost.dll
0x00007ffe7c0c0000 - 0x00007ffe7c1e4000 	C:\WINDOWS\System32\RPCRT4.dll
0x00007ffe79770000 - 0x00007ffe79900000 	C:\WINDOWS\System32\USER32.dll
0x00007ffe786b0000 - 0x00007ffe786d0000 	C:\WINDOWS\System32\win32u.dll
0x00007ffe79ef0000 - 0x00007ffe79f18000 	C:\WINDOWS\System32\GDI32.dll
0x00007ffe789a0000 - 0x00007ffe78b32000 	C:\WINDOWS\System32\gdi32full.dll
0x00007ffe794e0000 - 0x00007ffe7957f000 	C:\WINDOWS\System32\msvcp_win.dll
0x00007ffe793e0000 - 0x00007ffe794da000 	C:\WINDOWS\System32\ucrtbase.dll
0x00007ffe71be0000 - 0x00007ffe71e49000 	C:\WINDOWS\WinSxS\amd64_microsoft.windows.common-controls_6595b64144ccf1df_6.0.17134.472_none_fb3f9af53068156d\COMCTL32.dll
0x00007ffe79970000 - 0x00007ffe79c92000 	C:\WINDOWS\System32\combase.dll
0x00007ffe78b40000 - 0x00007ffe78bba000 	C:\WINDOWS\System32\bcryptPrimitives.dll
0x00007ffe79f20000 - 0x00007ffe79f4d000 	C:\WINDOWS\System32\IMM32.DLL
0x000000006b9b0000 - 0x000000006ba82000 	C:\Program Files\Android\Android Studio\jre\jre\bin\msvcr100.dll
0x000000006bb70000 - 0x000000006c3b1000 	C:\Program Files\Android\Android Studio\jre\jre\bin\server\jvm.dll
0x00007ffe79900000 - 0x00007ffe79908000 	C:\WINDOWS\System32\PSAPI.DLL
0x00007ffe68740000 - 0x00007ffe6874a000 	C:\WINDOWS\SYSTEM32\VERSION.dll
0x00007ffe68500000 - 0x00007ffe68509000 	C:\WINDOWS\SYSTEM32\WSOCK32.dll
0x00007ffe76530000 - 0x00007ffe76553000 	C:\WINDOWS\SYSTEM32\WINMM.dll
0x00007ffe76500000 - 0x00007ffe7652a000 	C:\WINDOWS\SYSTEM32\winmmbase.dll
0x00007ffe786d0000 - 0x00007ffe78719000 	C:\WINDOWS\System32\cfgmgr32.dll
0x00007ffe79f50000 - 0x00007ffe79fbc000 	C:\WINDOWS\System32\ws2_32.DLL
0x00007ffe6dcc0000 - 0x00007ffe6dccf000 	C:\Program Files\Android\Android Studio\jre\jre\bin\verify.dll
0x00007ffe5b370000 - 0x00007ffe5b399000 	C:\Program Files\Android\Android Studio\jre\jre\bin\java.dll
0x00007ffe5d3e0000 - 0x00007ffe5d3f6000 	C:\Program Files\Android\Android Studio\jre\jre\bin\zip.dll
0x00007ffe7a4a0000 - 0x00007ffe7b8e0000 	C:\WINDOWS\System32\SHELL32.dll
0x00007ffe7bf20000 - 0x00007ffe7bfc9000 	C:\WINDOWS\System32\shcore.dll
0x00007ffe78c20000 - 0x00007ffe7932d000 	C:\WINDOWS\System32\windows.storage.dll
0x00007ffe79fc0000 - 0x00007ffe7a011000 	C:\WINDOWS\System32\shlwapi.dll
0x00007ffe78610000 - 0x00007ffe78621000 	C:\WINDOWS\System32\kernel.appcore.dll
0x00007ffe785f0000 - 0x00007ffe7860f000 	C:\WINDOWS\System32\profapi.dll
0x00007ffe78660000 - 0x00007ffe786ac000 	C:\WINDOWS\System32\powrprof.dll
0x00007ffe78630000 - 0x00007ffe7863a000 	C:\WINDOWS\System32\FLTLIB.DLL
0x00007ffe6d210000 - 0x00007ffe6d21d000 	C:\Program Files\Android\Android Studio\jre\jre\bin\management.dll
0x00007ffe5ac80000 - 0x00007ffe5ac9a000 	C:\Program Files\Android\Android Studio\jre\jre\bin\net.dll
0x00007ffe77e10000 - 0x00007ffe77e76000 	C:\WINDOWS\system32\mswsock.dll
0x00007ffe59f80000 - 0x00007ffe59f91000 	C:\Program Files\Android\Android Studio\jre\jre\bin\nio.dll
0x00007ffe77fc0000 - 0x00007ffe77fd7000 	C:\WINDOWS\SYSTEM32\CRYPTSP.dll
0x00007ffe779f0000 - 0x00007ffe77a23000 	C:\WINDOWS\system32\rsaenh.dll
0x00007ffe780f0000 - 0x00007ffe78115000 	C:\WINDOWS\SYSTEM32\bcrypt.dll
0x00007ffe78520000 - 0x00007ffe78548000 	C:\WINDOWS\SYSTEM32\USERENV.dll
0x00007ffe77fe0000 - 0x00007ffe77feb000 	C:\WINDOWS\SYSTEM32\CRYPTBASE.dll
0x00007ffe77b90000 - 0x00007ffe77bc8000 	C:\WINDOWS\SYSTEM32\IPHLPAPI.DLL
0x00007ffe7bdd0000 - 0x00007ffe7bdd8000 	C:\WINDOWS\System32\NSI.dll
0x00007ffe704f0000 - 0x00007ffe70506000 	C:\WINDOWS\SYSTEM32\dhcpcsvc6.DLL
0x00007ffe704d0000 - 0x00007ffe704ea000 	C:\WINDOWS\SYSTEM32\dhcpcsvc.DLL

VM Arguments:
jvm_args: -Djava.awt.headless=true -Djava.rmi.server.hostname=127.0.0.1 -Xmx1536m -Dkotlin.environment.keepalive 
java_command: org.jetbrains.kotlin.daemon.KotlinCompileDaemon --daemon-runFilesPath C:\Users\admin\AppData\Local\kotlin\daemon --daemon-autoshutdownIdleSeconds=7200 --daemon-compilerClasspath C:\Users\admin\.gradle\caches\modules-2\files-2.1\org.jetbrains.kotlin\kotlin-compiler-embeddable\1.3.11\a8db6c14f8b8ed74aa11b8379f961587b639c571\kotlin-compiler-embeddable-1.3.11.jar;C:\Users\admin\.gradle\caches\modules-2\files-2.1\org.jetbrains.kotlin\kotlin-reflect\1.3.11\aae7b33412715e9ed441934c4ffaad1bb80e9d36\kotlin-reflect-1.3.11.jar;C:\Users\admin\.gradle\caches\modules-2\files-2.1\org.jetbrains.kotlin\kotlin-stdlib\1.3.11\4cbc5922a54376018307a731162ccaf3ef851a39\kotlin-stdlib-1.3.11.jar;C:\Users\admin\.gradle\caches\modules-2\files-2.1\org.jetbrains.kotlin\kotlin-script-runtime\1.3.11\1ef3a816aeacb9cd051b3ed37e2abf88910f1503\kotlin-script-runtime-1.3.11.jar;C:\Users\admin\.gradle\caches\modules-2\files-2.1\org.jetbrains.kotlin\kotlin-stdlib-common\1.3.11\d8b8e746e279f1c4f5e08bc14a96b82e6bb1de02\kotlin-stdlib-common-1.3.11.jar;C:\Users\admin\.gradle\caches\modules-2\files-2.1\org.jetbrains\annotations\13.0\919f0dfe192fb4e063e7dacadee7f8bb9a2672a9\annotations-13.0.jar;C:\Program Files\Android\Android Studio\jre\lib\tools.jar
java_class_path (initial): C:\Users\admin\.gradle\caches\modules-2\files-2.1\org.jetbrains.kotlin\kotlin-compiler-embeddable\1.3.11\a8db6c14f8b8ed74aa11b8379f961587b639c571\kotlin-compiler-embeddable-1.3.11.jar;C:\Users\admin\.gradle\caches\modules-2\files-2.1\org.jetbrains.kotlin\kotlin-reflect\1.3.11\aae7b33412715e9ed441934c4ffaad1bb80e9d36\kotlin-reflect-1.3.11.jar;C:\Users\admin\.gradle\caches\modules-2\files-2.1\org.jetbrains.kotlin\kotlin-stdlib\1.3.11\4cbc5922a54376018307a731162ccaf3ef851a39\kotlin-stdlib-1.3.11.jar;C:\Users\admin\.gradle\caches\modules-2\files-2.1\org.jetbrains.kotlin\kotlin-script-runtime\1.3.11\1ef3a816aeacb9cd051b3ed37e2abf88910f1503\kotlin-script-runtime-1.3.11.jar;C:\Users\admin\.gradle\caches\modules-2\files-2.1\org.jetbrains.kotlin\kotlin-stdlib-common\1.3.11\d8b8e746e279f1c4f5e08bc14a96b82e6bb1de02\kotlin-stdlib-common-1.3.11.jar;C:\Users\admin\.gradle\caches\modules-2\files-2.1\org.jetbrains\annotations\13.0\919f0dfe192fb4e063e7dacadee7f8bb9a2672a9\annotations-13.0.jar;C:\Program Files\Android\Android Studio\jre\lib\tools.jar
Launcher Type: SUN_STANDARD

Environment Variables:
PATH=C:\Program Files (x86)\Business Objects\Common\3.5\bin\NOTES\;C:\Program Files (x86)\Business Objects\Common\3.5\bin\NOTES\DATA\;C:\Program Files (x86)\Lenovo\FusionEngine;C:\WINDOWS\system32;C:\WINDOWS;C:\WINDOWS\System32\Wbem;C:\WINDOWS\System32\WindowsPowerShell\v1.0\;C:\Program Files (x86)\Common Files\lenovo\easyplussdk\bin;C:\Program Files\Intel\WiFi\bin\;C:\Program Files\Common Files\Intel\WirelessCommon\;C:\Program Files (x86)\CodeBlocks\MinGW\bin;C:\TDM-GCC-64\bin;C:\WINDOWS\System32\OpenSSH\;C:\Program Files\nodejs\;C:\Program Files\Java\jdk-10.0.2\bin;C:\Program Files\Java\jre-10.0.2\bin;C:\Users\admin\AppData\Local\Microsoft\WindowsApps;C:\Users\admin\AppData\Roaming\npm;C:\Users\admin\AppData\Local\Programs\Microsoft VS Code\bin;
USERNAME=admin
OS=Windows_NT
PROCESSOR_IDENTIFIER=Intel64 Family 6 Model 61 Stepping 4, GenuineIntel



---------------  S Y S T E M  ---------------

OS: Windows 10.0 , 64 bit Build 17134 (10.0.17134.1)

CPU:total 4 (initial active 4) (2 cores per cpu, 2 threads per core) family 6 model 61 stepping 4, cmov, cx8, fxsr, mmx, sse, sse2, sse3, ssse3, sse4.1, sse4.2, popcnt, avx, avx2, aes, clmul, erms, 3dnowpref, lzcnt, ht, tsc, tscinvbit, bmi1, bmi2, adx

Memory: 4k page, physical 4107344k(309580k free), swap 6155344k(112k free)

vm_info: OpenJDK 64-Bit Server VM (25.152-b06) for windows-amd64 JRE (1.8.0_152-release-1136-b06), built by "builder" with MS VC++ 10.0 (VS2010)

time: Tue Dec 25 19:57:21 2018
elapsed time: 3794 seconds (0d 1h 3m 14s)

